ARM GAS  C:\Users\Toreckk\AppData\Local\Temp\cccqe99F.s 			page 1


   1              		.syntax unified
   2              		.cpu cortex-m0
   3              		.fpu softvfp
   4              		.eabi_attribute 20, 1
   5              		.eabi_attribute 21, 1
   6              		.eabi_attribute 23, 3
   7              		.eabi_attribute 24, 1
   8              		.eabi_attribute 25, 1
   9              		.eabi_attribute 26, 1
  10              		.eabi_attribute 30, 1
  11              		.eabi_attribute 34, 0
  12              		.eabi_attribute 18, 4
  13              		.thumb
  14              		.syntax unified
  15              		.file	"LED_PWM_PM.c"
  16              		.text
  17              	.Ltext0:
  18              		.cfi_sections	.debug_frame
  19              		.section	.text.LED_PWM_SaveConfig,"ax",%progbits
  20              		.align	2
  21              		.global	LED_PWM_SaveConfig
  22              		.code	16
  23              		.thumb_func
  24              		.type	LED_PWM_SaveConfig, %function
  25              	LED_PWM_SaveConfig:
  26              	.LFB2:
  27              		.file 1 "Generated_Source\\PSoC4\\LED_PWM_PM.c"
   1:Generated_Source\PSoC4/LED_PWM_PM.c **** /*******************************************************************************
   2:Generated_Source\PSoC4/LED_PWM_PM.c **** * File Name: LED_PWM_PM.c
   3:Generated_Source\PSoC4/LED_PWM_PM.c **** * Version 3.30
   4:Generated_Source\PSoC4/LED_PWM_PM.c **** *
   5:Generated_Source\PSoC4/LED_PWM_PM.c **** * Description:
   6:Generated_Source\PSoC4/LED_PWM_PM.c **** *  This file provides the power management source code to API for the
   7:Generated_Source\PSoC4/LED_PWM_PM.c **** *  PWM.
   8:Generated_Source\PSoC4/LED_PWM_PM.c **** *
   9:Generated_Source\PSoC4/LED_PWM_PM.c **** * Note:
  10:Generated_Source\PSoC4/LED_PWM_PM.c **** *
  11:Generated_Source\PSoC4/LED_PWM_PM.c **** ********************************************************************************
  12:Generated_Source\PSoC4/LED_PWM_PM.c **** * Copyright 2008-2014, Cypress Semiconductor Corporation.  All rights reserved.
  13:Generated_Source\PSoC4/LED_PWM_PM.c **** * You may use this file only in accordance with the license, terms, conditions,
  14:Generated_Source\PSoC4/LED_PWM_PM.c **** * disclaimers, and limitations in the end user license agreement accompanying
  15:Generated_Source\PSoC4/LED_PWM_PM.c **** * the software package with which this file was provided.
  16:Generated_Source\PSoC4/LED_PWM_PM.c **** *******************************************************************************/
  17:Generated_Source\PSoC4/LED_PWM_PM.c **** 
  18:Generated_Source\PSoC4/LED_PWM_PM.c **** #include "LED_PWM.h"
  19:Generated_Source\PSoC4/LED_PWM_PM.c **** 
  20:Generated_Source\PSoC4/LED_PWM_PM.c **** static LED_PWM_backupStruct LED_PWM_backup;
  21:Generated_Source\PSoC4/LED_PWM_PM.c **** 
  22:Generated_Source\PSoC4/LED_PWM_PM.c **** 
  23:Generated_Source\PSoC4/LED_PWM_PM.c **** /*******************************************************************************
  24:Generated_Source\PSoC4/LED_PWM_PM.c **** * Function Name: LED_PWM_SaveConfig
  25:Generated_Source\PSoC4/LED_PWM_PM.c **** ********************************************************************************
  26:Generated_Source\PSoC4/LED_PWM_PM.c **** *
  27:Generated_Source\PSoC4/LED_PWM_PM.c **** * Summary:
  28:Generated_Source\PSoC4/LED_PWM_PM.c **** *  Saves the current user configuration of the component.
  29:Generated_Source\PSoC4/LED_PWM_PM.c **** *
  30:Generated_Source\PSoC4/LED_PWM_PM.c **** * Parameters:
ARM GAS  C:\Users\Toreckk\AppData\Local\Temp\cccqe99F.s 			page 2


  31:Generated_Source\PSoC4/LED_PWM_PM.c **** *  None
  32:Generated_Source\PSoC4/LED_PWM_PM.c **** *
  33:Generated_Source\PSoC4/LED_PWM_PM.c **** * Return:
  34:Generated_Source\PSoC4/LED_PWM_PM.c **** *  None
  35:Generated_Source\PSoC4/LED_PWM_PM.c **** *
  36:Generated_Source\PSoC4/LED_PWM_PM.c **** * Global variables:
  37:Generated_Source\PSoC4/LED_PWM_PM.c **** *  LED_PWM_backup:  Variables of this global structure are modified to
  38:Generated_Source\PSoC4/LED_PWM_PM.c **** *  store the values of non retention configuration registers when Sleep() API is
  39:Generated_Source\PSoC4/LED_PWM_PM.c **** *  called.
  40:Generated_Source\PSoC4/LED_PWM_PM.c **** *
  41:Generated_Source\PSoC4/LED_PWM_PM.c **** *******************************************************************************/
  42:Generated_Source\PSoC4/LED_PWM_PM.c **** void LED_PWM_SaveConfig(void) 
  43:Generated_Source\PSoC4/LED_PWM_PM.c **** {
  28              		.loc 1 43 0
  29              		.cfi_startproc
  30              		@ args = 0, pretend = 0, frame = 0
  31              		@ frame_needed = 0, uses_anonymous_args = 0
  32 0000 10B5     		push	{r4, lr}
  33              		.cfi_def_cfa_offset 8
  34              		.cfi_offset 4, -8
  35              		.cfi_offset 14, -4
  44:Generated_Source\PSoC4/LED_PWM_PM.c **** 
  45:Generated_Source\PSoC4/LED_PWM_PM.c ****     #if(!LED_PWM_UsingFixedFunction)
  46:Generated_Source\PSoC4/LED_PWM_PM.c ****         #if(!LED_PWM_PWMModeIsCenterAligned)
  47:Generated_Source\PSoC4/LED_PWM_PM.c ****             LED_PWM_backup.PWMPeriod = LED_PWM_ReadPeriod();
  36              		.loc 1 47 0
  37 0002 FFF7FEFF 		bl	LED_PWM_ReadPeriod
  38              	.LVL0:
  39 0006 064C     		ldr	r4, .L2
  40 0008 A070     		strb	r0, [r4, #2]
  48:Generated_Source\PSoC4/LED_PWM_PM.c ****         #endif /* (!LED_PWM_PWMModeIsCenterAligned) */
  49:Generated_Source\PSoC4/LED_PWM_PM.c ****         LED_PWM_backup.PWMUdb = LED_PWM_ReadCounter();
  41              		.loc 1 49 0
  42 000a FFF7FEFF 		bl	LED_PWM_ReadCounter
  43              	.LVL1:
  44 000e 6070     		strb	r0, [r4, #1]
  50:Generated_Source\PSoC4/LED_PWM_PM.c ****         #if (LED_PWM_UseStatus)
  51:Generated_Source\PSoC4/LED_PWM_PM.c ****             LED_PWM_backup.InterruptMaskValue = LED_PWM_STATUS_MASK;
  45              		.loc 1 51 0
  46 0010 044B     		ldr	r3, .L2+4
  47 0012 1B78     		ldrb	r3, [r3]
  48 0014 E370     		strb	r3, [r4, #3]
  52:Generated_Source\PSoC4/LED_PWM_PM.c ****         #endif /* (LED_PWM_UseStatus) */
  53:Generated_Source\PSoC4/LED_PWM_PM.c **** 
  54:Generated_Source\PSoC4/LED_PWM_PM.c ****         #if(LED_PWM_DeadBandMode == LED_PWM__B_PWM__DBM_256_CLOCKS || \
  55:Generated_Source\PSoC4/LED_PWM_PM.c ****             LED_PWM_DeadBandMode == LED_PWM__B_PWM__DBM_2_4_CLOCKS)
  56:Generated_Source\PSoC4/LED_PWM_PM.c ****             LED_PWM_backup.PWMdeadBandValue = LED_PWM_ReadDeadTime();
  57:Generated_Source\PSoC4/LED_PWM_PM.c ****         #endif /*  deadband count is either 2-4 clocks or 256 clocks */
  58:Generated_Source\PSoC4/LED_PWM_PM.c **** 
  59:Generated_Source\PSoC4/LED_PWM_PM.c ****         #if(LED_PWM_KillModeMinTime)
  60:Generated_Source\PSoC4/LED_PWM_PM.c ****              LED_PWM_backup.PWMKillCounterPeriod = LED_PWM_ReadKillTime();
  61:Generated_Source\PSoC4/LED_PWM_PM.c ****         #endif /* (LED_PWM_KillModeMinTime) */
  62:Generated_Source\PSoC4/LED_PWM_PM.c **** 
  63:Generated_Source\PSoC4/LED_PWM_PM.c ****         #if(LED_PWM_UseControl)
  64:Generated_Source\PSoC4/LED_PWM_PM.c ****             LED_PWM_backup.PWMControlRegister = LED_PWM_ReadControlRegister();
  49              		.loc 1 64 0
  50 0016 FFF7FEFF 		bl	LED_PWM_ReadControlRegister
ARM GAS  C:\Users\Toreckk\AppData\Local\Temp\cccqe99F.s 			page 3


  51              	.LVL2:
  52 001a 2071     		strb	r0, [r4, #4]
  65:Generated_Source\PSoC4/LED_PWM_PM.c ****         #endif /* (LED_PWM_UseControl) */
  66:Generated_Source\PSoC4/LED_PWM_PM.c ****     #endif  /* (!LED_PWM_UsingFixedFunction) */
  67:Generated_Source\PSoC4/LED_PWM_PM.c **** }
  53              		.loc 1 67 0
  54              		@ sp needed
  55 001c 10BD     		pop	{r4, pc}
  56              	.L3:
  57 001e C046     		.align	2
  58              	.L2:
  59 0020 00000000 		.word	.LANCHOR0
  60 0024 80000F40 		.word	1074724992
  61              		.cfi_endproc
  62              	.LFE2:
  63              		.size	LED_PWM_SaveConfig, .-LED_PWM_SaveConfig
  64              		.section	.text.LED_PWM_RestoreConfig,"ax",%progbits
  65              		.align	2
  66              		.global	LED_PWM_RestoreConfig
  67              		.code	16
  68              		.thumb_func
  69              		.type	LED_PWM_RestoreConfig, %function
  70              	LED_PWM_RestoreConfig:
  71              	.LFB3:
  68:Generated_Source\PSoC4/LED_PWM_PM.c **** 
  69:Generated_Source\PSoC4/LED_PWM_PM.c **** 
  70:Generated_Source\PSoC4/LED_PWM_PM.c **** /*******************************************************************************
  71:Generated_Source\PSoC4/LED_PWM_PM.c **** * Function Name: LED_PWM_RestoreConfig
  72:Generated_Source\PSoC4/LED_PWM_PM.c **** ********************************************************************************
  73:Generated_Source\PSoC4/LED_PWM_PM.c **** *
  74:Generated_Source\PSoC4/LED_PWM_PM.c **** * Summary:
  75:Generated_Source\PSoC4/LED_PWM_PM.c **** *  Restores the current user configuration of the component.
  76:Generated_Source\PSoC4/LED_PWM_PM.c **** *
  77:Generated_Source\PSoC4/LED_PWM_PM.c **** * Parameters:
  78:Generated_Source\PSoC4/LED_PWM_PM.c **** *  None
  79:Generated_Source\PSoC4/LED_PWM_PM.c **** *
  80:Generated_Source\PSoC4/LED_PWM_PM.c **** * Return:
  81:Generated_Source\PSoC4/LED_PWM_PM.c **** *  None
  82:Generated_Source\PSoC4/LED_PWM_PM.c **** *
  83:Generated_Source\PSoC4/LED_PWM_PM.c **** * Global variables:
  84:Generated_Source\PSoC4/LED_PWM_PM.c **** *  LED_PWM_backup:  Variables of this global structure are used to
  85:Generated_Source\PSoC4/LED_PWM_PM.c **** *  restore the values of non retention registers on wakeup from sleep mode.
  86:Generated_Source\PSoC4/LED_PWM_PM.c **** *
  87:Generated_Source\PSoC4/LED_PWM_PM.c **** *******************************************************************************/
  88:Generated_Source\PSoC4/LED_PWM_PM.c **** void LED_PWM_RestoreConfig(void) 
  89:Generated_Source\PSoC4/LED_PWM_PM.c **** {
  72              		.loc 1 89 0
  73              		.cfi_startproc
  74              		@ args = 0, pretend = 0, frame = 0
  75              		@ frame_needed = 0, uses_anonymous_args = 0
  76 0000 10B5     		push	{r4, lr}
  77              		.cfi_def_cfa_offset 8
  78              		.cfi_offset 4, -8
  79              		.cfi_offset 14, -4
  90:Generated_Source\PSoC4/LED_PWM_PM.c ****         #if(!LED_PWM_UsingFixedFunction)
  91:Generated_Source\PSoC4/LED_PWM_PM.c ****             #if(!LED_PWM_PWMModeIsCenterAligned)
  92:Generated_Source\PSoC4/LED_PWM_PM.c ****                 LED_PWM_WritePeriod(LED_PWM_backup.PWMPeriod);
ARM GAS  C:\Users\Toreckk\AppData\Local\Temp\cccqe99F.s 			page 4


  80              		.loc 1 92 0
  81 0002 074C     		ldr	r4, .L5
  82 0004 A078     		ldrb	r0, [r4, #2]
  83 0006 FFF7FEFF 		bl	LED_PWM_WritePeriod
  84              	.LVL3:
  93:Generated_Source\PSoC4/LED_PWM_PM.c ****             #endif /* (!LED_PWM_PWMModeIsCenterAligned) */
  94:Generated_Source\PSoC4/LED_PWM_PM.c **** 
  95:Generated_Source\PSoC4/LED_PWM_PM.c ****             LED_PWM_WriteCounter(LED_PWM_backup.PWMUdb);
  85              		.loc 1 95 0
  86 000a 6078     		ldrb	r0, [r4, #1]
  87 000c FFF7FEFF 		bl	LED_PWM_WriteCounter
  88              	.LVL4:
  96:Generated_Source\PSoC4/LED_PWM_PM.c **** 
  97:Generated_Source\PSoC4/LED_PWM_PM.c ****             #if (LED_PWM_UseStatus)
  98:Generated_Source\PSoC4/LED_PWM_PM.c ****                 LED_PWM_STATUS_MASK = LED_PWM_backup.InterruptMaskValue;
  89              		.loc 1 98 0
  90 0010 E278     		ldrb	r2, [r4, #3]
  91 0012 044B     		ldr	r3, .L5+4
  92 0014 1A70     		strb	r2, [r3]
  99:Generated_Source\PSoC4/LED_PWM_PM.c ****             #endif /* (LED_PWM_UseStatus) */
 100:Generated_Source\PSoC4/LED_PWM_PM.c **** 
 101:Generated_Source\PSoC4/LED_PWM_PM.c ****             #if(LED_PWM_DeadBandMode == LED_PWM__B_PWM__DBM_256_CLOCKS || \
 102:Generated_Source\PSoC4/LED_PWM_PM.c ****                 LED_PWM_DeadBandMode == LED_PWM__B_PWM__DBM_2_4_CLOCKS)
 103:Generated_Source\PSoC4/LED_PWM_PM.c ****                 LED_PWM_WriteDeadTime(LED_PWM_backup.PWMdeadBandValue);
 104:Generated_Source\PSoC4/LED_PWM_PM.c ****             #endif /* deadband count is either 2-4 clocks or 256 clocks */
 105:Generated_Source\PSoC4/LED_PWM_PM.c **** 
 106:Generated_Source\PSoC4/LED_PWM_PM.c ****             #if(LED_PWM_KillModeMinTime)
 107:Generated_Source\PSoC4/LED_PWM_PM.c ****                 LED_PWM_WriteKillTime(LED_PWM_backup.PWMKillCounterPeriod);
 108:Generated_Source\PSoC4/LED_PWM_PM.c ****             #endif /* (LED_PWM_KillModeMinTime) */
 109:Generated_Source\PSoC4/LED_PWM_PM.c **** 
 110:Generated_Source\PSoC4/LED_PWM_PM.c ****             #if(LED_PWM_UseControl)
 111:Generated_Source\PSoC4/LED_PWM_PM.c ****                 LED_PWM_WriteControlRegister(LED_PWM_backup.PWMControlRegister);
  93              		.loc 1 111 0
  94 0016 2079     		ldrb	r0, [r4, #4]
  95 0018 FFF7FEFF 		bl	LED_PWM_WriteControlRegister
  96              	.LVL5:
 112:Generated_Source\PSoC4/LED_PWM_PM.c ****             #endif /* (LED_PWM_UseControl) */
 113:Generated_Source\PSoC4/LED_PWM_PM.c ****         #endif  /* (!LED_PWM_UsingFixedFunction) */
 114:Generated_Source\PSoC4/LED_PWM_PM.c ****     }
  97              		.loc 1 114 0
  98              		@ sp needed
  99 001c 10BD     		pop	{r4, pc}
 100              	.L6:
 101 001e C046     		.align	2
 102              	.L5:
 103 0020 00000000 		.word	.LANCHOR0
 104 0024 80000F40 		.word	1074724992
 105              		.cfi_endproc
 106              	.LFE3:
 107              		.size	LED_PWM_RestoreConfig, .-LED_PWM_RestoreConfig
 108              		.section	.text.LED_PWM_Sleep,"ax",%progbits
 109              		.align	2
 110              		.global	LED_PWM_Sleep
 111              		.code	16
 112              		.thumb_func
 113              		.type	LED_PWM_Sleep, %function
 114              	LED_PWM_Sleep:
ARM GAS  C:\Users\Toreckk\AppData\Local\Temp\cccqe99F.s 			page 5


 115              	.LFB4:
 115:Generated_Source\PSoC4/LED_PWM_PM.c **** 
 116:Generated_Source\PSoC4/LED_PWM_PM.c **** 
 117:Generated_Source\PSoC4/LED_PWM_PM.c **** /*******************************************************************************
 118:Generated_Source\PSoC4/LED_PWM_PM.c **** * Function Name: LED_PWM_Sleep
 119:Generated_Source\PSoC4/LED_PWM_PM.c **** ********************************************************************************
 120:Generated_Source\PSoC4/LED_PWM_PM.c **** *
 121:Generated_Source\PSoC4/LED_PWM_PM.c **** * Summary:
 122:Generated_Source\PSoC4/LED_PWM_PM.c **** *  Disables block's operation and saves the user configuration. Should be called
 123:Generated_Source\PSoC4/LED_PWM_PM.c **** *  just prior to entering sleep.
 124:Generated_Source\PSoC4/LED_PWM_PM.c **** *
 125:Generated_Source\PSoC4/LED_PWM_PM.c **** * Parameters:
 126:Generated_Source\PSoC4/LED_PWM_PM.c **** *  None
 127:Generated_Source\PSoC4/LED_PWM_PM.c **** *
 128:Generated_Source\PSoC4/LED_PWM_PM.c **** * Return:
 129:Generated_Source\PSoC4/LED_PWM_PM.c **** *  None
 130:Generated_Source\PSoC4/LED_PWM_PM.c **** *
 131:Generated_Source\PSoC4/LED_PWM_PM.c **** * Global variables:
 132:Generated_Source\PSoC4/LED_PWM_PM.c **** *  LED_PWM_backup.PWMEnableState:  Is modified depending on the enable
 133:Generated_Source\PSoC4/LED_PWM_PM.c **** *  state of the block before entering sleep mode.
 134:Generated_Source\PSoC4/LED_PWM_PM.c **** *
 135:Generated_Source\PSoC4/LED_PWM_PM.c **** *******************************************************************************/
 136:Generated_Source\PSoC4/LED_PWM_PM.c **** void LED_PWM_Sleep(void) 
 137:Generated_Source\PSoC4/LED_PWM_PM.c **** {
 116              		.loc 1 137 0
 117              		.cfi_startproc
 118              		@ args = 0, pretend = 0, frame = 0
 119              		@ frame_needed = 0, uses_anonymous_args = 0
 120 0000 10B5     		push	{r4, lr}
 121              		.cfi_def_cfa_offset 8
 122              		.cfi_offset 4, -8
 123              		.cfi_offset 14, -4
 138:Generated_Source\PSoC4/LED_PWM_PM.c ****     #if(LED_PWM_UseControl)
 139:Generated_Source\PSoC4/LED_PWM_PM.c ****         if(LED_PWM_CTRL_ENABLE == (LED_PWM_CONTROL & LED_PWM_CTRL_ENABLE))
 124              		.loc 1 139 0
 125 0002 084B     		ldr	r3, .L10
 126 0004 1B78     		ldrb	r3, [r3]
 127 0006 5BB2     		sxtb	r3, r3
 128 0008 002B     		cmp	r3, #0
 129 000a 03DA     		bge	.L8
 140:Generated_Source\PSoC4/LED_PWM_PM.c ****         {
 141:Generated_Source\PSoC4/LED_PWM_PM.c ****             /*Component is enabled */
 142:Generated_Source\PSoC4/LED_PWM_PM.c ****             LED_PWM_backup.PWMEnableState = 1u;
 130              		.loc 1 142 0
 131 000c 0122     		movs	r2, #1
 132 000e 064B     		ldr	r3, .L10+4
 133 0010 1A70     		strb	r2, [r3]
 134 0012 02E0     		b	.L9
 135              	.L8:
 143:Generated_Source\PSoC4/LED_PWM_PM.c ****         }
 144:Generated_Source\PSoC4/LED_PWM_PM.c ****         else
 145:Generated_Source\PSoC4/LED_PWM_PM.c ****         {
 146:Generated_Source\PSoC4/LED_PWM_PM.c ****             /* Component is disabled */
 147:Generated_Source\PSoC4/LED_PWM_PM.c ****             LED_PWM_backup.PWMEnableState = 0u;
 136              		.loc 1 147 0
 137 0014 0022     		movs	r2, #0
 138 0016 044B     		ldr	r3, .L10+4
ARM GAS  C:\Users\Toreckk\AppData\Local\Temp\cccqe99F.s 			page 6


 139 0018 1A70     		strb	r2, [r3]
 140              	.L9:
 148:Generated_Source\PSoC4/LED_PWM_PM.c ****         }
 149:Generated_Source\PSoC4/LED_PWM_PM.c ****     #endif /* (LED_PWM_UseControl) */
 150:Generated_Source\PSoC4/LED_PWM_PM.c **** 
 151:Generated_Source\PSoC4/LED_PWM_PM.c ****     /* Stop component */
 152:Generated_Source\PSoC4/LED_PWM_PM.c ****     LED_PWM_Stop();
 141              		.loc 1 152 0
 142 001a FFF7FEFF 		bl	LED_PWM_Stop
 143              	.LVL6:
 153:Generated_Source\PSoC4/LED_PWM_PM.c **** 
 154:Generated_Source\PSoC4/LED_PWM_PM.c ****     /* Save registers configuration */
 155:Generated_Source\PSoC4/LED_PWM_PM.c ****     LED_PWM_SaveConfig();
 144              		.loc 1 155 0
 145 001e FFF7FEFF 		bl	LED_PWM_SaveConfig
 146              	.LVL7:
 156:Generated_Source\PSoC4/LED_PWM_PM.c **** }
 147              		.loc 1 156 0
 148              		@ sp needed
 149 0022 10BD     		pop	{r4, pc}
 150              	.L11:
 151              		.align	2
 152              	.L10:
 153 0024 70000F40 		.word	1074724976
 154 0028 00000000 		.word	.LANCHOR0
 155              		.cfi_endproc
 156              	.LFE4:
 157              		.size	LED_PWM_Sleep, .-LED_PWM_Sleep
 158              		.section	.text.LED_PWM_Wakeup,"ax",%progbits
 159              		.align	2
 160              		.global	LED_PWM_Wakeup
 161              		.code	16
 162              		.thumb_func
 163              		.type	LED_PWM_Wakeup, %function
 164              	LED_PWM_Wakeup:
 165              	.LFB5:
 157:Generated_Source\PSoC4/LED_PWM_PM.c **** 
 158:Generated_Source\PSoC4/LED_PWM_PM.c **** 
 159:Generated_Source\PSoC4/LED_PWM_PM.c **** /*******************************************************************************
 160:Generated_Source\PSoC4/LED_PWM_PM.c **** * Function Name: LED_PWM_Wakeup
 161:Generated_Source\PSoC4/LED_PWM_PM.c **** ********************************************************************************
 162:Generated_Source\PSoC4/LED_PWM_PM.c **** *
 163:Generated_Source\PSoC4/LED_PWM_PM.c **** * Summary:
 164:Generated_Source\PSoC4/LED_PWM_PM.c **** *  Restores and enables the user configuration. Should be called just after
 165:Generated_Source\PSoC4/LED_PWM_PM.c **** *  awaking from sleep.
 166:Generated_Source\PSoC4/LED_PWM_PM.c **** *
 167:Generated_Source\PSoC4/LED_PWM_PM.c **** * Parameters:
 168:Generated_Source\PSoC4/LED_PWM_PM.c **** *  None
 169:Generated_Source\PSoC4/LED_PWM_PM.c **** *
 170:Generated_Source\PSoC4/LED_PWM_PM.c **** * Return:
 171:Generated_Source\PSoC4/LED_PWM_PM.c **** *  None
 172:Generated_Source\PSoC4/LED_PWM_PM.c **** *
 173:Generated_Source\PSoC4/LED_PWM_PM.c **** * Global variables:
 174:Generated_Source\PSoC4/LED_PWM_PM.c **** *  LED_PWM_backup.pwmEnable:  Is used to restore the enable state of
 175:Generated_Source\PSoC4/LED_PWM_PM.c **** *  block on wakeup from sleep mode.
 176:Generated_Source\PSoC4/LED_PWM_PM.c **** *
 177:Generated_Source\PSoC4/LED_PWM_PM.c **** *******************************************************************************/
ARM GAS  C:\Users\Toreckk\AppData\Local\Temp\cccqe99F.s 			page 7


 178:Generated_Source\PSoC4/LED_PWM_PM.c **** void LED_PWM_Wakeup(void) 
 179:Generated_Source\PSoC4/LED_PWM_PM.c **** {
 166              		.loc 1 179 0
 167              		.cfi_startproc
 168              		@ args = 0, pretend = 0, frame = 0
 169              		@ frame_needed = 0, uses_anonymous_args = 0
 170 0000 10B5     		push	{r4, lr}
 171              		.cfi_def_cfa_offset 8
 172              		.cfi_offset 4, -8
 173              		.cfi_offset 14, -4
 180:Generated_Source\PSoC4/LED_PWM_PM.c ****      /* Restore registers values */
 181:Generated_Source\PSoC4/LED_PWM_PM.c ****     LED_PWM_RestoreConfig();
 174              		.loc 1 181 0
 175 0002 FFF7FEFF 		bl	LED_PWM_RestoreConfig
 176              	.LVL8:
 182:Generated_Source\PSoC4/LED_PWM_PM.c **** 
 183:Generated_Source\PSoC4/LED_PWM_PM.c ****     if(LED_PWM_backup.PWMEnableState != 0u)
 177              		.loc 1 183 0
 178 0006 034B     		ldr	r3, .L14
 179 0008 1B78     		ldrb	r3, [r3]
 180 000a 002B     		cmp	r3, #0
 181 000c 01D0     		beq	.L12
 184:Generated_Source\PSoC4/LED_PWM_PM.c ****     {
 185:Generated_Source\PSoC4/LED_PWM_PM.c ****         /* Enable component's operation */
 186:Generated_Source\PSoC4/LED_PWM_PM.c ****         LED_PWM_Enable();
 182              		.loc 1 186 0
 183 000e FFF7FEFF 		bl	LED_PWM_Enable
 184              	.LVL9:
 185              	.L12:
 187:Generated_Source\PSoC4/LED_PWM_PM.c ****     } /* Do nothing if component's block was disabled before */
 188:Generated_Source\PSoC4/LED_PWM_PM.c **** 
 189:Generated_Source\PSoC4/LED_PWM_PM.c **** }
 186              		.loc 1 189 0
 187              		@ sp needed
 188 0012 10BD     		pop	{r4, pc}
 189              	.L15:
 190              		.align	2
 191              	.L14:
 192 0014 00000000 		.word	.LANCHOR0
 193              		.cfi_endproc
 194              	.LFE5:
 195              		.size	LED_PWM_Wakeup, .-LED_PWM_Wakeup
 196              		.bss
 197              		.align	2
 198              		.set	.LANCHOR0,. + 0
 199              		.type	LED_PWM_backup, %object
 200              		.size	LED_PWM_backup, 5
 201              	LED_PWM_backup:
 202 0000 00000000 		.space	5
 202      00
 203              		.text
 204              	.Letext0:
 205              		.file 2 "Generated_Source\\PSoC4\\cytypes.h"
 206              		.file 3 "Generated_Source\\PSoC4\\LED_PWM.h"
 207              		.section	.debug_info,"",%progbits
 208              	.Ldebug_info0:
 209 0000 13020000 		.4byte	0x213
ARM GAS  C:\Users\Toreckk\AppData\Local\Temp\cccqe99F.s 			page 8


 210 0004 0400     		.2byte	0x4
 211 0006 00000000 		.4byte	.Ldebug_abbrev0
 212 000a 04       		.byte	0x4
 213 000b 01       		.uleb128 0x1
 214 000c D6010000 		.4byte	.LASF34
 215 0010 0C       		.byte	0xc
 216 0011 20000000 		.4byte	.LASF35
 217 0015 17010000 		.4byte	.LASF36
 218 0019 00000000 		.4byte	.Ldebug_ranges0+0
 219 001d 00000000 		.4byte	0
 220 0021 00000000 		.4byte	.Ldebug_line0
 221 0025 02       		.uleb128 0x2
 222 0026 01       		.byte	0x1
 223 0027 06       		.byte	0x6
 224 0028 C0020000 		.4byte	.LASF0
 225 002c 02       		.uleb128 0x2
 226 002d 01       		.byte	0x1
 227 002e 08       		.byte	0x8
 228 002f A2000000 		.4byte	.LASF1
 229 0033 02       		.uleb128 0x2
 230 0034 02       		.byte	0x2
 231 0035 05       		.byte	0x5
 232 0036 96020000 		.4byte	.LASF2
 233 003a 02       		.uleb128 0x2
 234 003b 02       		.byte	0x2
 235 003c 07       		.byte	0x7
 236 003d 44000000 		.4byte	.LASF3
 237 0041 02       		.uleb128 0x2
 238 0042 04       		.byte	0x4
 239 0043 05       		.byte	0x5
 240 0044 A6020000 		.4byte	.LASF4
 241 0048 02       		.uleb128 0x2
 242 0049 04       		.byte	0x4
 243 004a 07       		.byte	0x7
 244 004b 91010000 		.4byte	.LASF5
 245 004f 02       		.uleb128 0x2
 246 0050 08       		.byte	0x8
 247 0051 05       		.byte	0x5
 248 0052 72020000 		.4byte	.LASF6
 249 0056 02       		.uleb128 0x2
 250 0057 08       		.byte	0x8
 251 0058 07       		.byte	0x7
 252 0059 B0010000 		.4byte	.LASF7
 253 005d 03       		.uleb128 0x3
 254 005e 04       		.byte	0x4
 255 005f 05       		.byte	0x5
 256 0060 696E7400 		.ascii	"int\000"
 257 0064 02       		.uleb128 0x2
 258 0065 04       		.byte	0x4
 259 0066 07       		.byte	0x7
 260 0067 A3010000 		.4byte	.LASF8
 261 006b 04       		.uleb128 0x4
 262 006c A0020000 		.4byte	.LASF12
 263 0070 02       		.byte	0x2
 264 0071 E401     		.2byte	0x1e4
 265 0073 2C000000 		.4byte	0x2c
 266 0077 02       		.uleb128 0x2
ARM GAS  C:\Users\Toreckk\AppData\Local\Temp\cccqe99F.s 			page 9


 267 0078 04       		.byte	0x4
 268 0079 04       		.byte	0x4
 269 007a 89000000 		.4byte	.LASF9
 270 007e 02       		.uleb128 0x2
 271 007f 08       		.byte	0x8
 272 0080 04       		.byte	0x4
 273 0081 10010000 		.4byte	.LASF10
 274 0085 02       		.uleb128 0x2
 275 0086 01       		.byte	0x1
 276 0087 08       		.byte	0x8
 277 0088 AF020000 		.4byte	.LASF11
 278 008c 04       		.uleb128 0x4
 279 008d 64020000 		.4byte	.LASF13
 280 0091 02       		.byte	0x2
 281 0092 8E02     		.2byte	0x28e
 282 0094 98000000 		.4byte	0x98
 283 0098 05       		.uleb128 0x5
 284 0099 6B000000 		.4byte	0x6b
 285 009d 02       		.uleb128 0x2
 286 009e 08       		.byte	0x8
 287 009f 04       		.byte	0x4
 288 00a0 B4020000 		.4byte	.LASF14
 289 00a4 02       		.uleb128 0x2
 290 00a5 04       		.byte	0x4
 291 00a6 07       		.byte	0x7
 292 00a7 69020000 		.4byte	.LASF15
 293 00ab 06       		.uleb128 0x6
 294 00ac 05       		.byte	0x5
 295 00ad 03       		.byte	0x3
 296 00ae 6B       		.byte	0x6b
 297 00af F0000000 		.4byte	0xf0
 298 00b3 07       		.uleb128 0x7
 299 00b4 B0000000 		.4byte	.LASF16
 300 00b8 03       		.byte	0x3
 301 00b9 6E       		.byte	0x6e
 302 00ba 6B000000 		.4byte	0x6b
 303 00be 00       		.byte	0
 304 00bf 07       		.uleb128 0x7
 305 00c0 0F000000 		.4byte	.LASF17
 306 00c4 03       		.byte	0x3
 307 00c5 71       		.byte	0x71
 308 00c6 6B000000 		.4byte	0x6b
 309 00ca 01       		.byte	0x1
 310 00cb 07       		.uleb128 0x7
 311 00cc 16000000 		.4byte	.LASF18
 312 00d0 03       		.byte	0x3
 313 00d1 73       		.byte	0x73
 314 00d2 6B000000 		.4byte	0x6b
 315 00d6 02       		.byte	0x2
 316 00d7 07       		.uleb128 0x7
 317 00d8 CC020000 		.4byte	.LASF19
 318 00dc 03       		.byte	0x3
 319 00dd 76       		.byte	0x76
 320 00de 6B000000 		.4byte	0x6b
 321 00e2 03       		.byte	0x3
 322 00e3 07       		.uleb128 0x7
 323 00e4 FD000000 		.4byte	.LASF20
ARM GAS  C:\Users\Toreckk\AppData\Local\Temp\cccqe99F.s 			page 10


 324 00e8 03       		.byte	0x3
 325 00e9 86       		.byte	0x86
 326 00ea 6B000000 		.4byte	0x6b
 327 00ee 04       		.byte	0x4
 328 00ef 00       		.byte	0
 329 00f0 08       		.uleb128 0x8
 330 00f1 DF020000 		.4byte	.LASF21
 331 00f5 03       		.byte	0x3
 332 00f6 8B       		.byte	0x8b
 333 00f7 AB000000 		.4byte	0xab
 334 00fb 09       		.uleb128 0x9
 335 00fc 62010000 		.4byte	.LASF22
 336 0100 01       		.byte	0x1
 337 0101 2A       		.byte	0x2a
 338 0102 00000000 		.4byte	.LFB2
 339 0106 28000000 		.4byte	.LFE2-.LFB2
 340 010a 01       		.uleb128 0x1
 341 010b 9C       		.byte	0x9c
 342 010c 2C010000 		.4byte	0x12c
 343 0110 0A       		.uleb128 0xa
 344 0111 06000000 		.4byte	.LVL0
 345 0115 BE010000 		.4byte	0x1be
 346 0119 0A       		.uleb128 0xa
 347 011a 0E000000 		.4byte	.LVL1
 348 011e C9010000 		.4byte	0x1c9
 349 0122 0A       		.uleb128 0xa
 350 0123 1A000000 		.4byte	.LVL2
 351 0127 D4010000 		.4byte	0x1d4
 352 012b 00       		.byte	0
 353 012c 09       		.uleb128 0x9
 354 012d 80020000 		.4byte	.LASF23
 355 0131 01       		.byte	0x1
 356 0132 58       		.byte	0x58
 357 0133 00000000 		.4byte	.LFB3
 358 0137 28000000 		.4byte	.LFE3-.LFB3
 359 013b 01       		.uleb128 0x1
 360 013c 9C       		.byte	0x9c
 361 013d 5D010000 		.4byte	0x15d
 362 0141 0A       		.uleb128 0xa
 363 0142 0A000000 		.4byte	.LVL3
 364 0146 DF010000 		.4byte	0x1df
 365 014a 0A       		.uleb128 0xa
 366 014b 10000000 		.4byte	.LVL4
 367 014f EA010000 		.4byte	0x1ea
 368 0153 0A       		.uleb128 0xa
 369 0154 1C000000 		.4byte	.LVL5
 370 0158 F5010000 		.4byte	0x1f5
 371 015c 00       		.byte	0
 372 015d 09       		.uleb128 0x9
 373 015e 6C000000 		.4byte	.LASF24
 374 0162 01       		.byte	0x1
 375 0163 88       		.byte	0x88
 376 0164 00000000 		.4byte	.LFB4
 377 0168 2C000000 		.4byte	.LFE4-.LFB4
 378 016c 01       		.uleb128 0x1
 379 016d 9C       		.byte	0x9c
 380 016e 85010000 		.4byte	0x185
ARM GAS  C:\Users\Toreckk\AppData\Local\Temp\cccqe99F.s 			page 11


 381 0172 0A       		.uleb128 0xa
 382 0173 1E000000 		.4byte	.LVL6
 383 0177 00020000 		.4byte	0x200
 384 017b 0A       		.uleb128 0xa
 385 017c 22000000 		.4byte	.LVL7
 386 0180 FB000000 		.4byte	0xfb
 387 0184 00       		.byte	0
 388 0185 09       		.uleb128 0x9
 389 0186 7A000000 		.4byte	.LASF25
 390 018a 01       		.byte	0x1
 391 018b B2       		.byte	0xb2
 392 018c 00000000 		.4byte	.LFB5
 393 0190 18000000 		.4byte	.LFE5-.LFB5
 394 0194 01       		.uleb128 0x1
 395 0195 9C       		.byte	0x9c
 396 0196 AD010000 		.4byte	0x1ad
 397 019a 0A       		.uleb128 0xa
 398 019b 06000000 		.4byte	.LVL8
 399 019f 2C010000 		.4byte	0x12c
 400 01a3 0A       		.uleb128 0xa
 401 01a4 12000000 		.4byte	.LVL9
 402 01a8 0B020000 		.4byte	0x20b
 403 01ac 00       		.byte	0
 404 01ad 0B       		.uleb128 0xb
 405 01ae 00000000 		.4byte	.LASF37
 406 01b2 01       		.byte	0x1
 407 01b3 14       		.byte	0x14
 408 01b4 F0000000 		.4byte	0xf0
 409 01b8 05       		.uleb128 0x5
 410 01b9 03       		.byte	0x3
 411 01ba 00000000 		.4byte	LED_PWM_backup
 412 01be 0C       		.uleb128 0xc
 413 01bf 8F000000 		.4byte	.LASF26
 414 01c3 8F000000 		.4byte	.LASF26
 415 01c7 03       		.byte	0x3
 416 01c8 C0       		.byte	0xc0
 417 01c9 0C       		.uleb128 0xc
 418 01ca CC000000 		.4byte	.LASF27
 419 01ce CC000000 		.4byte	.LASF27
 420 01d2 03       		.byte	0x3
 421 01d3 B3       		.byte	0xb3
 422 01d4 0C       		.uleb128 0xc
 423 01d5 75010000 		.4byte	.LASF28
 424 01d9 75010000 		.4byte	.LASF28
 425 01dd 03       		.byte	0x3
 426 01de 9D       		.byte	0x9d
 427 01df 0C       		.uleb128 0xc
 428 01e0 F4020000 		.4byte	.LASF29
 429 01e4 F4020000 		.4byte	.LASF29
 430 01e8 03       		.byte	0x3
 431 01e9 BE       		.byte	0xbe
 432 01ea 0C       		.uleb128 0xc
 433 01eb 57000000 		.4byte	.LASF30
 434 01ef 57000000 		.4byte	.LASF30
 435 01f3 03       		.byte	0x3
 436 01f4 BA       		.byte	0xba
 437 01f5 0C       		.uleb128 0xc
ARM GAS  C:\Users\Toreckk\AppData\Local\Temp\cccqe99F.s 			page 12


 438 01f6 E0000000 		.4byte	.LASF31
 439 01fa E0000000 		.4byte	.LASF31
 440 01fe 03       		.byte	0x3
 441 01ff 9E       		.byte	0x9e
 442 0200 0C       		.uleb128 0xc
 443 0201 BF000000 		.4byte	.LASF32
 444 0205 BF000000 		.4byte	.LASF32
 445 0209 03       		.byte	0x3
 446 020a 93       		.byte	0x93
 447 020b 0C       		.uleb128 0xc
 448 020c C7010000 		.4byte	.LASF33
 449 0210 C7010000 		.4byte	.LASF33
 450 0214 03       		.byte	0x3
 451 0215 DB       		.byte	0xdb
 452 0216 00       		.byte	0
 453              		.section	.debug_abbrev,"",%progbits
 454              	.Ldebug_abbrev0:
 455 0000 01       		.uleb128 0x1
 456 0001 11       		.uleb128 0x11
 457 0002 01       		.byte	0x1
 458 0003 25       		.uleb128 0x25
 459 0004 0E       		.uleb128 0xe
 460 0005 13       		.uleb128 0x13
 461 0006 0B       		.uleb128 0xb
 462 0007 03       		.uleb128 0x3
 463 0008 0E       		.uleb128 0xe
 464 0009 1B       		.uleb128 0x1b
 465 000a 0E       		.uleb128 0xe
 466 000b 55       		.uleb128 0x55
 467 000c 17       		.uleb128 0x17
 468 000d 11       		.uleb128 0x11
 469 000e 01       		.uleb128 0x1
 470 000f 10       		.uleb128 0x10
 471 0010 17       		.uleb128 0x17
 472 0011 00       		.byte	0
 473 0012 00       		.byte	0
 474 0013 02       		.uleb128 0x2
 475 0014 24       		.uleb128 0x24
 476 0015 00       		.byte	0
 477 0016 0B       		.uleb128 0xb
 478 0017 0B       		.uleb128 0xb
 479 0018 3E       		.uleb128 0x3e
 480 0019 0B       		.uleb128 0xb
 481 001a 03       		.uleb128 0x3
 482 001b 0E       		.uleb128 0xe
 483 001c 00       		.byte	0
 484 001d 00       		.byte	0
 485 001e 03       		.uleb128 0x3
 486 001f 24       		.uleb128 0x24
 487 0020 00       		.byte	0
 488 0021 0B       		.uleb128 0xb
 489 0022 0B       		.uleb128 0xb
 490 0023 3E       		.uleb128 0x3e
 491 0024 0B       		.uleb128 0xb
 492 0025 03       		.uleb128 0x3
 493 0026 08       		.uleb128 0x8
 494 0027 00       		.byte	0
ARM GAS  C:\Users\Toreckk\AppData\Local\Temp\cccqe99F.s 			page 13


 495 0028 00       		.byte	0
 496 0029 04       		.uleb128 0x4
 497 002a 16       		.uleb128 0x16
 498 002b 00       		.byte	0
 499 002c 03       		.uleb128 0x3
 500 002d 0E       		.uleb128 0xe
 501 002e 3A       		.uleb128 0x3a
 502 002f 0B       		.uleb128 0xb
 503 0030 3B       		.uleb128 0x3b
 504 0031 05       		.uleb128 0x5
 505 0032 49       		.uleb128 0x49
 506 0033 13       		.uleb128 0x13
 507 0034 00       		.byte	0
 508 0035 00       		.byte	0
 509 0036 05       		.uleb128 0x5
 510 0037 35       		.uleb128 0x35
 511 0038 00       		.byte	0
 512 0039 49       		.uleb128 0x49
 513 003a 13       		.uleb128 0x13
 514 003b 00       		.byte	0
 515 003c 00       		.byte	0
 516 003d 06       		.uleb128 0x6
 517 003e 13       		.uleb128 0x13
 518 003f 01       		.byte	0x1
 519 0040 0B       		.uleb128 0xb
 520 0041 0B       		.uleb128 0xb
 521 0042 3A       		.uleb128 0x3a
 522 0043 0B       		.uleb128 0xb
 523 0044 3B       		.uleb128 0x3b
 524 0045 0B       		.uleb128 0xb
 525 0046 01       		.uleb128 0x1
 526 0047 13       		.uleb128 0x13
 527 0048 00       		.byte	0
 528 0049 00       		.byte	0
 529 004a 07       		.uleb128 0x7
 530 004b 0D       		.uleb128 0xd
 531 004c 00       		.byte	0
 532 004d 03       		.uleb128 0x3
 533 004e 0E       		.uleb128 0xe
 534 004f 3A       		.uleb128 0x3a
 535 0050 0B       		.uleb128 0xb
 536 0051 3B       		.uleb128 0x3b
 537 0052 0B       		.uleb128 0xb
 538 0053 49       		.uleb128 0x49
 539 0054 13       		.uleb128 0x13
 540 0055 38       		.uleb128 0x38
 541 0056 0B       		.uleb128 0xb
 542 0057 00       		.byte	0
 543 0058 00       		.byte	0
 544 0059 08       		.uleb128 0x8
 545 005a 16       		.uleb128 0x16
 546 005b 00       		.byte	0
 547 005c 03       		.uleb128 0x3
 548 005d 0E       		.uleb128 0xe
 549 005e 3A       		.uleb128 0x3a
 550 005f 0B       		.uleb128 0xb
 551 0060 3B       		.uleb128 0x3b
ARM GAS  C:\Users\Toreckk\AppData\Local\Temp\cccqe99F.s 			page 14


 552 0061 0B       		.uleb128 0xb
 553 0062 49       		.uleb128 0x49
 554 0063 13       		.uleb128 0x13
 555 0064 00       		.byte	0
 556 0065 00       		.byte	0
 557 0066 09       		.uleb128 0x9
 558 0067 2E       		.uleb128 0x2e
 559 0068 01       		.byte	0x1
 560 0069 3F       		.uleb128 0x3f
 561 006a 19       		.uleb128 0x19
 562 006b 03       		.uleb128 0x3
 563 006c 0E       		.uleb128 0xe
 564 006d 3A       		.uleb128 0x3a
 565 006e 0B       		.uleb128 0xb
 566 006f 3B       		.uleb128 0x3b
 567 0070 0B       		.uleb128 0xb
 568 0071 27       		.uleb128 0x27
 569 0072 19       		.uleb128 0x19
 570 0073 11       		.uleb128 0x11
 571 0074 01       		.uleb128 0x1
 572 0075 12       		.uleb128 0x12
 573 0076 06       		.uleb128 0x6
 574 0077 40       		.uleb128 0x40
 575 0078 18       		.uleb128 0x18
 576 0079 9742     		.uleb128 0x2117
 577 007b 19       		.uleb128 0x19
 578 007c 01       		.uleb128 0x1
 579 007d 13       		.uleb128 0x13
 580 007e 00       		.byte	0
 581 007f 00       		.byte	0
 582 0080 0A       		.uleb128 0xa
 583 0081 898201   		.uleb128 0x4109
 584 0084 00       		.byte	0
 585 0085 11       		.uleb128 0x11
 586 0086 01       		.uleb128 0x1
 587 0087 31       		.uleb128 0x31
 588 0088 13       		.uleb128 0x13
 589 0089 00       		.byte	0
 590 008a 00       		.byte	0
 591 008b 0B       		.uleb128 0xb
 592 008c 34       		.uleb128 0x34
 593 008d 00       		.byte	0
 594 008e 03       		.uleb128 0x3
 595 008f 0E       		.uleb128 0xe
 596 0090 3A       		.uleb128 0x3a
 597 0091 0B       		.uleb128 0xb
 598 0092 3B       		.uleb128 0x3b
 599 0093 0B       		.uleb128 0xb
 600 0094 49       		.uleb128 0x49
 601 0095 13       		.uleb128 0x13
 602 0096 02       		.uleb128 0x2
 603 0097 18       		.uleb128 0x18
 604 0098 00       		.byte	0
 605 0099 00       		.byte	0
 606 009a 0C       		.uleb128 0xc
 607 009b 2E       		.uleb128 0x2e
 608 009c 00       		.byte	0
ARM GAS  C:\Users\Toreckk\AppData\Local\Temp\cccqe99F.s 			page 15


 609 009d 3F       		.uleb128 0x3f
 610 009e 19       		.uleb128 0x19
 611 009f 3C       		.uleb128 0x3c
 612 00a0 19       		.uleb128 0x19
 613 00a1 6E       		.uleb128 0x6e
 614 00a2 0E       		.uleb128 0xe
 615 00a3 03       		.uleb128 0x3
 616 00a4 0E       		.uleb128 0xe
 617 00a5 3A       		.uleb128 0x3a
 618 00a6 0B       		.uleb128 0xb
 619 00a7 3B       		.uleb128 0x3b
 620 00a8 0B       		.uleb128 0xb
 621 00a9 00       		.byte	0
 622 00aa 00       		.byte	0
 623 00ab 00       		.byte	0
 624              		.section	.debug_aranges,"",%progbits
 625 0000 34000000 		.4byte	0x34
 626 0004 0200     		.2byte	0x2
 627 0006 00000000 		.4byte	.Ldebug_info0
 628 000a 04       		.byte	0x4
 629 000b 00       		.byte	0
 630 000c 0000     		.2byte	0
 631 000e 0000     		.2byte	0
 632 0010 00000000 		.4byte	.LFB2
 633 0014 28000000 		.4byte	.LFE2-.LFB2
 634 0018 00000000 		.4byte	.LFB3
 635 001c 28000000 		.4byte	.LFE3-.LFB3
 636 0020 00000000 		.4byte	.LFB4
 637 0024 2C000000 		.4byte	.LFE4-.LFB4
 638 0028 00000000 		.4byte	.LFB5
 639 002c 18000000 		.4byte	.LFE5-.LFB5
 640 0030 00000000 		.4byte	0
 641 0034 00000000 		.4byte	0
 642              		.section	.debug_ranges,"",%progbits
 643              	.Ldebug_ranges0:
 644 0000 00000000 		.4byte	.LFB2
 645 0004 28000000 		.4byte	.LFE2
 646 0008 00000000 		.4byte	.LFB3
 647 000c 28000000 		.4byte	.LFE3
 648 0010 00000000 		.4byte	.LFB4
 649 0014 2C000000 		.4byte	.LFE4
 650 0018 00000000 		.4byte	.LFB5
 651 001c 18000000 		.4byte	.LFE5
 652 0020 00000000 		.4byte	0
 653 0024 00000000 		.4byte	0
 654              		.section	.debug_line,"",%progbits
 655              	.Ldebug_line0:
 656 0000 B1000000 		.section	.debug_str,"MS",%progbits,1
 656      02005400 
 656      00000201 
 656      FB0E0D00 
 656      01010101 
 657              	.LASF37:
 658 0000 4C45445F 		.ascii	"LED_PWM_backup\000"
 658      50574D5F 
 658      6261636B 
 658      757000
ARM GAS  C:\Users\Toreckk\AppData\Local\Temp\cccqe99F.s 			page 16


 659              	.LASF17:
 660 000f 50574D55 		.ascii	"PWMUdb\000"
 660      646200
 661              	.LASF18:
 662 0016 50574D50 		.ascii	"PWMPeriod\000"
 662      6572696F 
 662      6400
 663              	.LASF35:
 664 0020 47656E65 		.ascii	"Generated_Source\\PSoC4\\LED_PWM_PM.c\000"
 664      72617465 
 664      645F536F 
 664      75726365 
 664      5C50536F 
 665              	.LASF3:
 666 0044 73686F72 		.ascii	"short unsigned int\000"
 666      7420756E 
 666      7369676E 
 666      65642069 
 666      6E7400
 667              	.LASF30:
 668 0057 4C45445F 		.ascii	"LED_PWM_WriteCounter\000"
 668      50574D5F 
 668      57726974 
 668      65436F75 
 668      6E746572 
 669              	.LASF24:
 670 006c 4C45445F 		.ascii	"LED_PWM_Sleep\000"
 670      50574D5F 
 670      536C6565 
 670      7000
 671              	.LASF25:
 672 007a 4C45445F 		.ascii	"LED_PWM_Wakeup\000"
 672      50574D5F 
 672      57616B65 
 672      757000
 673              	.LASF9:
 674 0089 666C6F61 		.ascii	"float\000"
 674      7400
 675              	.LASF26:
 676 008f 4C45445F 		.ascii	"LED_PWM_ReadPeriod\000"
 676      50574D5F 
 676      52656164 
 676      50657269 
 676      6F6400
 677              	.LASF1:
 678 00a2 756E7369 		.ascii	"unsigned char\000"
 678      676E6564 
 678      20636861 
 678      7200
 679              	.LASF16:
 680 00b0 50574D45 		.ascii	"PWMEnableState\000"
 680      6E61626C 
 680      65537461 
 680      746500
 681              	.LASF32:
 682 00bf 4C45445F 		.ascii	"LED_PWM_Stop\000"
 682      50574D5F 
ARM GAS  C:\Users\Toreckk\AppData\Local\Temp\cccqe99F.s 			page 17


 682      53746F70 
 682      00
 683              	.LASF27:
 684 00cc 4C45445F 		.ascii	"LED_PWM_ReadCounter\000"
 684      50574D5F 
 684      52656164 
 684      436F756E 
 684      74657200 
 685              	.LASF31:
 686 00e0 4C45445F 		.ascii	"LED_PWM_WriteControlRegister\000"
 686      50574D5F 
 686      57726974 
 686      65436F6E 
 686      74726F6C 
 687              	.LASF20:
 688 00fd 50574D43 		.ascii	"PWMControlRegister\000"
 688      6F6E7472 
 688      6F6C5265 
 688      67697374 
 688      657200
 689              	.LASF10:
 690 0110 646F7562 		.ascii	"double\000"
 690      6C6500
 691              	.LASF36:
 692 0117 433A5C55 		.ascii	"C:\\Users\\Toreckk\\Desktop\\Programming\\BLERobot\\"
 692      73657273 
 692      5C546F72 
 692      65636B6B 
 692      5C446573 
 693 0145 424C4552 		.ascii	"BLERobot\\PSOC\\RobotBLE.cydsn\000"
 693      6F626F74 
 693      5C50534F 
 693      435C526F 
 693      626F7442 
 694              	.LASF22:
 695 0162 4C45445F 		.ascii	"LED_PWM_SaveConfig\000"
 695      50574D5F 
 695      53617665 
 695      436F6E66 
 695      696700
 696              	.LASF28:
 697 0175 4C45445F 		.ascii	"LED_PWM_ReadControlRegister\000"
 697      50574D5F 
 697      52656164 
 697      436F6E74 
 697      726F6C52 
 698              	.LASF5:
 699 0191 6C6F6E67 		.ascii	"long unsigned int\000"
 699      20756E73 
 699      69676E65 
 699      6420696E 
 699      7400
 700              	.LASF8:
 701 01a3 756E7369 		.ascii	"unsigned int\000"
 701      676E6564 
 701      20696E74 
 701      00
ARM GAS  C:\Users\Toreckk\AppData\Local\Temp\cccqe99F.s 			page 18


 702              	.LASF7:
 703 01b0 6C6F6E67 		.ascii	"long long unsigned int\000"
 703      206C6F6E 
 703      6720756E 
 703      7369676E 
 703      65642069 
 704              	.LASF33:
 705 01c7 4C45445F 		.ascii	"LED_PWM_Enable\000"
 705      50574D5F 
 705      456E6162 
 705      6C6500
 706              	.LASF34:
 707 01d6 474E5520 		.ascii	"GNU C11 5.4.1 20160609 (release) [ARM/embedded-5-br"
 707      43313120 
 707      352E342E 
 707      31203230 
 707      31363036 
 708 0209 616E6368 		.ascii	"anch revision 237715] -mcpu=cortex-m0 -mthumb -g -O"
 708      20726576 
 708      6973696F 
 708      6E203233 
 708      37373135 
 709 023c 67202D66 		.ascii	"g -ffunction-sections -ffat-lto-objects\000"
 709      66756E63 
 709      74696F6E 
 709      2D736563 
 709      74696F6E 
 710              	.LASF13:
 711 0264 72656738 		.ascii	"reg8\000"
 711      00
 712              	.LASF15:
 713 0269 73697A65 		.ascii	"sizetype\000"
 713      74797065 
 713      00
 714              	.LASF6:
 715 0272 6C6F6E67 		.ascii	"long long int\000"
 715      206C6F6E 
 715      6720696E 
 715      7400
 716              	.LASF23:
 717 0280 4C45445F 		.ascii	"LED_PWM_RestoreConfig\000"
 717      50574D5F 
 717      52657374 
 717      6F726543 
 717      6F6E6669 
 718              	.LASF2:
 719 0296 73686F72 		.ascii	"short int\000"
 719      7420696E 
 719      7400
 720              	.LASF12:
 721 02a0 75696E74 		.ascii	"uint8\000"
 721      3800
 722              	.LASF4:
 723 02a6 6C6F6E67 		.ascii	"long int\000"
 723      20696E74 
 723      00
 724              	.LASF11:
ARM GAS  C:\Users\Toreckk\AppData\Local\Temp\cccqe99F.s 			page 19


 725 02af 63686172 		.ascii	"char\000"
 725      00
 726              	.LASF14:
 727 02b4 6C6F6E67 		.ascii	"long double\000"
 727      20646F75 
 727      626C6500 
 728              	.LASF0:
 729 02c0 7369676E 		.ascii	"signed char\000"
 729      65642063 
 729      68617200 
 730              	.LASF19:
 731 02cc 496E7465 		.ascii	"InterruptMaskValue\000"
 731      72727570 
 731      744D6173 
 731      6B56616C 
 731      756500
 732              	.LASF21:
 733 02df 4C45445F 		.ascii	"LED_PWM_backupStruct\000"
 733      50574D5F 
 733      6261636B 
 733      75705374 
 733      72756374 
 734              	.LASF29:
 735 02f4 4C45445F 		.ascii	"LED_PWM_WritePeriod\000"
 735      50574D5F 
 735      57726974 
 735      65506572 
 735      696F6400 
 736              		.ident	"GCC: (GNU Tools for ARM Embedded Processors) 5.4.1 20160609 (release) [ARM/embedded-5-bran
