Loading plugins phase: Elapsed time ==> 0s.263ms
<CYPRESSTAG name="CyDsfit arguments...">
cydsfit arguments: -.fdsnotice -.fdswarpdepfile=warp_dependencies.txt -.fdselabdepfile=elab_dependencies.txt -.fdsbldfile=generated_files.txt -.fdsreffile=referenced_files.txt -p C:\Users\Toreckk\Desktop\Programming\BLERobot\BLERobot\PSOC\RobotBLE.cydsn\RobotBLE.cyprj -d CY8C4248LQI-BL583 -s C:\Users\Toreckk\Desktop\Programming\BLERobot\BLERobot\PSOC\RobotBLE.cydsn\Generated_Source\PSoC4 -- -yv2 -q10 -ygs -o2 -v3 -.fftcfgtype=LE
</CYPRESSTAG>
<CYPRESSTAG name="Design elaboration results...">
</CYPRESSTAG>
Elaboration phase: Elapsed time ==> 2s.935ms
<CYPRESSTAG name="HDL generation results...">
</CYPRESSTAG>
HDL generation phase: Elapsed time ==> 0s.090ms
<CYPRESSTAG name="Synthesis results...">

     | | | | | | |
   _________________
  -|               |-
  -|               |-
  -|               |-
  -|    CYPRESS    |-
  -|               |-
  -|               |-   Warp Verilog Synthesis Compiler: Version 6.3 IR 41
  -|               |-   Copyright (C) 1991-2001 Cypress Semiconductor
   |_______________|
     | | | | | | |

======================================================================
Compiling:  RobotBLE.v
Program  :   C:\Program Files (x86)\Cypress\PSoC Creator\4.2\PSoC Creator\warp\bin\warp.exe
Options  :    -yv2 -q10 -ygs -o2 -v3 -.fftcfgtype=LE -ya -.fftprj=C:\Users\Toreckk\Desktop\Programming\BLERobot\BLERobot\PSOC\RobotBLE.cydsn\RobotBLE.cyprj -dcpsoc3 RobotBLE.v -verilog
======================================================================

======================================================================
Compiling:  RobotBLE.v
Program  :   C:\Program Files (x86)\Cypress\PSoC Creator\4.2\PSoC Creator\warp\bin\warp.exe
Options  :    -yv2 -q10 -ygs -o2 -v3 -.fftcfgtype=LE -ya -.fftprj=C:\Users\Toreckk\Desktop\Programming\BLERobot\BLERobot\PSOC\RobotBLE.cydsn\RobotBLE.cyprj -dcpsoc3 RobotBLE.v -verilog
======================================================================

======================================================================
Compiling:  RobotBLE.v
Program  :   vlogfe
Options  :    -yv2 -q10 -ygs -o2 -v3 -.fftcfgtype=LE -ya -.fftprj=C:\Users\Toreckk\Desktop\Programming\BLERobot\BLERobot\PSOC\RobotBLE.cydsn\RobotBLE.cyprj -dcpsoc3 -verilog RobotBLE.v
======================================================================

vlogfe V6.3 IR 41:  Verilog parser
Wed May 08 18:54:14 2019


======================================================================
Compiling:  RobotBLE.v
Program  :   vpp
Options  :    -yv2 -q10 RobotBLE.v
======================================================================

vpp V6.3 IR 41:  Verilog Pre-Processor
Wed May 08 18:54:14 2019

Flattening file 'C:\Program Files (x86)\Cypress\PSoC Creator\4.2\PSoC Creator\psoc\content\CyPrimitives\cyprimitives.cylib\cy_virtualmux_v1_0\cy_virtualmux_v1_0.v'
Flattening file 'C:\Program Files (x86)\Cypress\PSoC Creator\4.2\PSoC Creator\psoc\content\CyPrimitives\cyprimitives.cylib\or_v1_0\or_v1_0.v'
Flattening file 'C:\Program Files (x86)\Cypress\PSoC Creator\4.2\PSoC Creator\psoc\content\CyPrimitives\cyprimitives.cylib\cy_constant_v1_0\cy_constant_v1_0.v'
Flattening file 'C:\Program Files (x86)\Cypress\PSoC Creator\4.2\PSoC Creator\psoc\content\CyComponentLibrary\CyComponentLibrary.cylib\B_PWM_v3_30\B_PWM_v3_30.v'
Flattening file 'C:\Program Files (x86)\Cypress\PSoC Creator\4.2\PSoC Creator\warp\lib\common\cypress.v'
Flattening file 'C:\Program Files (x86)\Cypress\PSoC Creator\4.2\PSoC Creator\warp\lib\common\cy_psoc3_inc.v'
Flattening file 'C:\Program Files (x86)\Cypress\PSoC Creator\4.2\PSoC Creator\psoc\content\CyPrimitives\cyprimitives.cylib\ZeroTerminal\ZeroTerminal.v'
Flattening file 'C:\Program Files (x86)\Cypress\PSoC Creator\4.2\PSoC Creator\psoc\content\CyPrimitives\cyprimitives.cylib\not_v1_0\not_v1_0.v'

vpp:  No errors.

Library 'work' => directory 'lcpsoc3'
General_symbol_table
General_symbol_table
Linking 'C:\Program Files (x86)\Cypress\PSoC Creator\4.2\PSoC Creator\warp\lib\common\std.vhd'.
Linking 'C:\Program Files (x86)\Cypress\PSoC Creator\4.2\PSoC Creator\warp\lib\common\cypress.vhd'.
Linking 'C:\Program Files (x86)\Cypress\PSoC Creator\4.2\PSoC Creator\warp\lib\common\work\cypress.vif'.
Linking 'C:\Program Files (x86)\Cypress\PSoC Creator\4.2\PSoC Creator\warp\lib\ieee\work\stdlogic.vif'.
Linking 'C:\Program Files (x86)\Cypress\PSoC Creator\4.2\PSoC Creator\warp\lib\common\stdlogic\lpmpkg.vif'.
Linking 'C:\Program Files (x86)\Cypress\PSoC Creator\4.2\PSoC Creator\warp\lib\common\stdlogic\rtlpkg.vif'.
Linking 'C:\Program Files (x86)\Cypress\PSoC Creator\4.2\PSoC Creator\warp\lib\common\stdlogic\mod_cnst.vif'.
Linking 'C:\Program Files (x86)\Cypress\PSoC Creator\4.2\PSoC Creator\warp\lib\common\stdlogic\mod_mthv.vif'.
Linking 'C:\Program Files (x86)\Cypress\PSoC Creator\4.2\PSoC Creator\warp\lib\common\stdlogic\mod_genv.vif'.
Using control file 'RobotBLE.ctl'.
C:\Program Files (x86)\Cypress\PSoC Creator\4.2\PSoC Creator\psoc\content\CyComponentLibrary\CyComponentLibrary.cylib\B_PWM_v3_30\B_PWM_v3_30.v (line 947, col 46):  Note: Substituting module 'sub_vi_vv' for '-'.
C:\Program Files (x86)\Cypress\PSoC Creator\4.2\PSoC Creator\psoc\content\CyComponentLibrary\CyComponentLibrary.cylib\B_PWM_v3_30\B_PWM_v3_30.v (line 977, col 46):  Note: Substituting module 'add_vi_vv' for '+'.
Linking 'C:\Program Files (x86)\Cypress\PSoC Creator\4.2\PSoC Creator\warp\lib\common\stdlogic\cy_psoc3pkg.vif'.
Linking 'C:\Program Files (x86)\Cypress\PSoC Creator\4.2\PSoC Creator\warp\lib\common\stdlogic\cy_psoc3.vif'.

vlogfe:  No errors.


======================================================================
Compiling:  RobotBLE.v
Program  :   tovif
Options  :    -yv2 -q10 -ygs -o2 -v3 -.fftcfgtype=LE -ya -.fftprj=C:\Users\Toreckk\Desktop\Programming\BLERobot\BLERobot\PSOC\RobotBLE.cydsn\RobotBLE.cyprj -dcpsoc3 -verilog RobotBLE.v
======================================================================

tovif V6.3 IR 41:  High-level synthesis
Wed May 08 18:54:15 2019

Linking 'C:\Program Files (x86)\Cypress\PSoC Creator\4.2\PSoC Creator\warp\lib\common\std.vhd'.
Linking 'C:\Program Files (x86)\Cypress\PSoC Creator\4.2\PSoC Creator\warp\lib\common\cypress.vhd'.
Linking 'C:\Program Files (x86)\Cypress\PSoC Creator\4.2\PSoC Creator\warp\lib\common\work\cypress.vif'.
Linking 'C:\Program Files (x86)\Cypress\PSoC Creator\4.2\PSoC Creator\warp\lib\ieee\work\stdlogic.vif'.
Linking 'C:\Program Files (x86)\Cypress\PSoC Creator\4.2\PSoC Creator\warp\lib\common\stdlogic\lpmpkg.vif'.
Linking 'C:\Program Files (x86)\Cypress\PSoC Creator\4.2\PSoC Creator\warp\lib\common\stdlogic\rtlpkg.vif'.
Linking 'C:\Program Files (x86)\Cypress\PSoC Creator\4.2\PSoC Creator\warp\lib\common\stdlogic\mod_cnst.vif'.
Linking 'C:\Program Files (x86)\Cypress\PSoC Creator\4.2\PSoC Creator\warp\lib\common\stdlogic\mod_mthv.vif'.
Linking 'C:\Program Files (x86)\Cypress\PSoC Creator\4.2\PSoC Creator\warp\lib\common\stdlogic\mod_genv.vif'.
Linking 'C:\Users\Toreckk\Desktop\Programming\BLERobot\BLERobot\PSOC\RobotBLE.cydsn\codegentemp\RobotBLE.ctl'.
Linking 'C:\Program Files (x86)\Cypress\PSoC Creator\4.2\PSoC Creator\psoc\content\CyPrimitives\cyprimitives.cylib\cy_virtualmux_v1_0\cy_virtualmux_v1_0.v'.
Linking 'C:\Users\Toreckk\Desktop\Programming\BLERobot\BLERobot\PSOC\RobotBLE.cydsn\codegentemp\RobotBLE.v'.
Linking 'C:\Program Files (x86)\Cypress\PSoC Creator\4.2\PSoC Creator\psoc\content\CyPrimitives\cyprimitives.cylib\or_v1_0\or_v1_0.v'.
Linking 'C:\Program Files (x86)\Cypress\PSoC Creator\4.2\PSoC Creator\psoc\content\CyPrimitives\cyprimitives.cylib\cy_constant_v1_0\cy_constant_v1_0.v'.
Linking 'C:\Program Files (x86)\Cypress\PSoC Creator\4.2\PSoC Creator\psoc\content\CyComponentLibrary\CyComponentLibrary.cylib\B_PWM_v3_30\B_PWM_v3_30.v'.
Linking 'C:\Program Files (x86)\Cypress\PSoC Creator\4.2\PSoC Creator\warp\lib\common\cypress.v'.
Linking 'C:\Program Files (x86)\Cypress\PSoC Creator\4.2\PSoC Creator\warp\lib\common\cy_psoc3_inc.v'.
Linking 'C:\Program Files (x86)\Cypress\PSoC Creator\4.2\PSoC Creator\psoc\content\CyPrimitives\cyprimitives.cylib\ZeroTerminal\ZeroTerminal.v'.
Linking 'C:\Program Files (x86)\Cypress\PSoC Creator\4.2\PSoC Creator\psoc\content\CyPrimitives\cyprimitives.cylib\not_v1_0\not_v1_0.v'.
Linking 'C:\Program Files (x86)\Cypress\PSoC Creator\4.2\PSoC Creator\warp\lib\common\stdlogic\cy_psoc3pkg.vif'.
Linking 'C:\Program Files (x86)\Cypress\PSoC Creator\4.2\PSoC Creator\warp\lib\common\stdlogic\cy_psoc3.vif'.
Linking 'C:\Program Files (x86)\Cypress\PSoC Creator\4.2\PSoC Creator\warp\lib\lcpsoc3\stdlogic\mod_cnst.vif'.

tovif:  No errors.


======================================================================
Compiling:  RobotBLE.v
Program  :   topld
Options  :    -yv2 -q10 -ygs -o2 -v3 -.fftcfgtype=LE -ya -.fftprj=C:\Users\Toreckk\Desktop\Programming\BLERobot\BLERobot\PSOC\RobotBLE.cydsn\RobotBLE.cyprj -dcpsoc3 -verilog RobotBLE.v
======================================================================

topld V6.3 IR 41:  Synthesis and optimization
Wed May 08 18:54:15 2019

Linking 'C:\Program Files (x86)\Cypress\PSoC Creator\4.2\PSoC Creator\warp\lib\common\std.vhd'.
Linking 'C:\Program Files (x86)\Cypress\PSoC Creator\4.2\PSoC Creator\warp\lib\common\cypress.vhd'.
Linking 'C:\Program Files (x86)\Cypress\PSoC Creator\4.2\PSoC Creator\warp\lib\common\work\cypress.vif'.
Linking 'C:\Program Files (x86)\Cypress\PSoC Creator\4.2\PSoC Creator\warp\lib\ieee\work\stdlogic.vif'.
Linking 'C:\Program Files (x86)\Cypress\PSoC Creator\4.2\PSoC Creator\warp\lib\common\stdlogic\lpmpkg.vif'.
Linking 'C:\Program Files (x86)\Cypress\PSoC Creator\4.2\PSoC Creator\warp\lib\common\stdlogic\rtlpkg.vif'.
Linking 'C:\Program Files (x86)\Cypress\PSoC Creator\4.2\PSoC Creator\warp\lib\common\stdlogic\mod_cnst.vif'.
Linking 'C:\Program Files (x86)\Cypress\PSoC Creator\4.2\PSoC Creator\warp\lib\common\stdlogic\mod_mthv.vif'.
Linking 'C:\Program Files (x86)\Cypress\PSoC Creator\4.2\PSoC Creator\warp\lib\common\stdlogic\mod_genv.vif'.
Linking 'C:\Users\Toreckk\Desktop\Programming\BLERobot\BLERobot\PSOC\RobotBLE.cydsn\codegentemp\RobotBLE.ctl'.
Linking 'C:\Program Files (x86)\Cypress\PSoC Creator\4.2\PSoC Creator\psoc\content\CyPrimitives\cyprimitives.cylib\cy_virtualmux_v1_0\cy_virtualmux_v1_0.v'.
Linking 'C:\Users\Toreckk\Desktop\Programming\BLERobot\BLERobot\PSOC\RobotBLE.cydsn\codegentemp\RobotBLE.v'.
Linking 'C:\Program Files (x86)\Cypress\PSoC Creator\4.2\PSoC Creator\psoc\content\CyPrimitives\cyprimitives.cylib\or_v1_0\or_v1_0.v'.
Linking 'C:\Program Files (x86)\Cypress\PSoC Creator\4.2\PSoC Creator\psoc\content\CyPrimitives\cyprimitives.cylib\cy_constant_v1_0\cy_constant_v1_0.v'.
Linking 'C:\Program Files (x86)\Cypress\PSoC Creator\4.2\PSoC Creator\psoc\content\CyComponentLibrary\CyComponentLibrary.cylib\B_PWM_v3_30\B_PWM_v3_30.v'.
Linking 'C:\Program Files (x86)\Cypress\PSoC Creator\4.2\PSoC Creator\warp\lib\common\cypress.v'.
Linking 'C:\Program Files (x86)\Cypress\PSoC Creator\4.2\PSoC Creator\warp\lib\common\cy_psoc3_inc.v'.
Linking 'C:\Program Files (x86)\Cypress\PSoC Creator\4.2\PSoC Creator\psoc\content\CyPrimitives\cyprimitives.cylib\ZeroTerminal\ZeroTerminal.v'.
Linking 'C:\Program Files (x86)\Cypress\PSoC Creator\4.2\PSoC Creator\psoc\content\CyPrimitives\cyprimitives.cylib\not_v1_0\not_v1_0.v'.
Linking 'C:\Program Files (x86)\Cypress\PSoC Creator\4.2\PSoC Creator\warp\lib\common\stdlogic\cy_psoc3pkg.vif'.
Linking 'C:\Program Files (x86)\Cypress\PSoC Creator\4.2\PSoC Creator\warp\lib\common\stdlogic\cy_psoc3.vif'.
Linking 'C:\Program Files (x86)\Cypress\PSoC Creator\4.2\PSoC Creator\warp\lib\lcpsoc3\stdlogic\mod_cnst.vif'.
Linking 'C:\Program Files (x86)\Cypress\PSoC Creator\4.2\PSoC Creator\warp\lib\lcpsoc3\stdlogic\cpsoc3.vif'.

----------------------------------------------------------
Detecting unused logic.
----------------------------------------------------------
    User names
	Net_30
	\BLE:Net_55\
	\LED_PWM:PWMUDB:km_run\
	\LED_PWM:PWMUDB:ctrl_cmpmode2_2\
	\LED_PWM:PWMUDB:ctrl_cmpmode2_1\
	\LED_PWM:PWMUDB:ctrl_cmpmode2_0\
	\LED_PWM:PWMUDB:ctrl_cmpmode1_2\
	\LED_PWM:PWMUDB:ctrl_cmpmode1_1\
	\LED_PWM:PWMUDB:ctrl_cmpmode1_0\
	\LED_PWM:PWMUDB:capt_rising\
	\LED_PWM:PWMUDB:capt_falling\
	\LED_PWM:PWMUDB:trig_rise\
	\LED_PWM:PWMUDB:trig_fall\
	\LED_PWM:PWMUDB:sc_kill\
	\LED_PWM:PWMUDB:min_kill\
	\LED_PWM:PWMUDB:db_tc\
	\LED_PWM:PWMUDB:dith_sel\
	\LED_PWM:PWMUDB:compare2\
	Net_48
	Net_49
	Net_50
	\LED_PWM:PWMUDB:MODULE_1:b_31\
	\LED_PWM:PWMUDB:MODULE_1:b_30\
	\LED_PWM:PWMUDB:MODULE_1:b_29\
	\LED_PWM:PWMUDB:MODULE_1:b_28\
	\LED_PWM:PWMUDB:MODULE_1:b_27\
	\LED_PWM:PWMUDB:MODULE_1:b_26\
	\LED_PWM:PWMUDB:MODULE_1:b_25\
	\LED_PWM:PWMUDB:MODULE_1:b_24\
	\LED_PWM:PWMUDB:MODULE_1:b_23\
	\LED_PWM:PWMUDB:MODULE_1:b_22\
	\LED_PWM:PWMUDB:MODULE_1:b_21\
	\LED_PWM:PWMUDB:MODULE_1:b_20\
	\LED_PWM:PWMUDB:MODULE_1:b_19\
	\LED_PWM:PWMUDB:MODULE_1:b_18\
	\LED_PWM:PWMUDB:MODULE_1:b_17\
	\LED_PWM:PWMUDB:MODULE_1:b_16\
	\LED_PWM:PWMUDB:MODULE_1:b_15\
	\LED_PWM:PWMUDB:MODULE_1:b_14\
	\LED_PWM:PWMUDB:MODULE_1:b_13\
	\LED_PWM:PWMUDB:MODULE_1:b_12\
	\LED_PWM:PWMUDB:MODULE_1:b_11\
	\LED_PWM:PWMUDB:MODULE_1:b_10\
	\LED_PWM:PWMUDB:MODULE_1:b_9\
	\LED_PWM:PWMUDB:MODULE_1:b_8\
	\LED_PWM:PWMUDB:MODULE_1:b_7\
	\LED_PWM:PWMUDB:MODULE_1:b_6\
	\LED_PWM:PWMUDB:MODULE_1:b_5\
	\LED_PWM:PWMUDB:MODULE_1:b_4\
	\LED_PWM:PWMUDB:MODULE_1:b_3\
	\LED_PWM:PWMUDB:MODULE_1:b_2\
	\LED_PWM:PWMUDB:MODULE_1:b_1\
	\LED_PWM:PWMUDB:MODULE_1:b_0\
	\LED_PWM:PWMUDB:MODULE_1:g2:a0:a_31\
	\LED_PWM:PWMUDB:MODULE_1:g2:a0:a_30\
	\LED_PWM:PWMUDB:MODULE_1:g2:a0:a_29\
	\LED_PWM:PWMUDB:MODULE_1:g2:a0:a_28\
	\LED_PWM:PWMUDB:MODULE_1:g2:a0:a_27\
	\LED_PWM:PWMUDB:MODULE_1:g2:a0:a_26\
	\LED_PWM:PWMUDB:MODULE_1:g2:a0:a_25\
	\LED_PWM:PWMUDB:MODULE_1:g2:a0:a_24\
	\LED_PWM:PWMUDB:MODULE_1:g2:a0:b_31\
	\LED_PWM:PWMUDB:MODULE_1:g2:a0:b_30\
	\LED_PWM:PWMUDB:MODULE_1:g2:a0:b_29\
	\LED_PWM:PWMUDB:MODULE_1:g2:a0:b_28\
	\LED_PWM:PWMUDB:MODULE_1:g2:a0:b_27\
	\LED_PWM:PWMUDB:MODULE_1:g2:a0:b_26\
	\LED_PWM:PWMUDB:MODULE_1:g2:a0:b_25\
	\LED_PWM:PWMUDB:MODULE_1:g2:a0:b_24\
	\LED_PWM:PWMUDB:MODULE_1:g2:a0:b_23\
	\LED_PWM:PWMUDB:MODULE_1:g2:a0:b_22\
	\LED_PWM:PWMUDB:MODULE_1:g2:a0:b_21\
	\LED_PWM:PWMUDB:MODULE_1:g2:a0:b_20\
	\LED_PWM:PWMUDB:MODULE_1:g2:a0:b_19\
	\LED_PWM:PWMUDB:MODULE_1:g2:a0:b_18\
	\LED_PWM:PWMUDB:MODULE_1:g2:a0:b_17\
	\LED_PWM:PWMUDB:MODULE_1:g2:a0:b_16\
	\LED_PWM:PWMUDB:MODULE_1:g2:a0:b_15\
	\LED_PWM:PWMUDB:MODULE_1:g2:a0:b_14\
	\LED_PWM:PWMUDB:MODULE_1:g2:a0:b_13\
	\LED_PWM:PWMUDB:MODULE_1:g2:a0:b_12\
	\LED_PWM:PWMUDB:MODULE_1:g2:a0:b_11\
	\LED_PWM:PWMUDB:MODULE_1:g2:a0:b_10\
	\LED_PWM:PWMUDB:MODULE_1:g2:a0:b_9\
	\LED_PWM:PWMUDB:MODULE_1:g2:a0:b_8\
	\LED_PWM:PWMUDB:MODULE_1:g2:a0:b_7\
	\LED_PWM:PWMUDB:MODULE_1:g2:a0:b_6\
	\LED_PWM:PWMUDB:MODULE_1:g2:a0:b_5\
	\LED_PWM:PWMUDB:MODULE_1:g2:a0:b_4\
	\LED_PWM:PWMUDB:MODULE_1:g2:a0:b_3\
	\LED_PWM:PWMUDB:MODULE_1:g2:a0:b_2\
	\LED_PWM:PWMUDB:MODULE_1:g2:a0:b_1\
	\LED_PWM:PWMUDB:MODULE_1:g2:a0:b_0\
	\LED_PWM:PWMUDB:MODULE_1:g2:a0:s_31\
	\LED_PWM:PWMUDB:MODULE_1:g2:a0:s_30\
	\LED_PWM:PWMUDB:MODULE_1:g2:a0:s_29\
	\LED_PWM:PWMUDB:MODULE_1:g2:a0:s_28\
	\LED_PWM:PWMUDB:MODULE_1:g2:a0:s_27\
	\LED_PWM:PWMUDB:MODULE_1:g2:a0:s_26\
	\LED_PWM:PWMUDB:MODULE_1:g2:a0:s_25\
	\LED_PWM:PWMUDB:MODULE_1:g2:a0:s_24\
	\LED_PWM:PWMUDB:MODULE_1:g2:a0:s_23\
	\LED_PWM:PWMUDB:MODULE_1:g2:a0:s_22\
	\LED_PWM:PWMUDB:MODULE_1:g2:a0:s_21\
	\LED_PWM:PWMUDB:MODULE_1:g2:a0:s_20\
	\LED_PWM:PWMUDB:MODULE_1:g2:a0:s_19\
	\LED_PWM:PWMUDB:MODULE_1:g2:a0:s_18\
	\LED_PWM:PWMUDB:MODULE_1:g2:a0:s_17\
	\LED_PWM:PWMUDB:MODULE_1:g2:a0:s_16\
	\LED_PWM:PWMUDB:MODULE_1:g2:a0:s_15\
	\LED_PWM:PWMUDB:MODULE_1:g2:a0:s_14\
	\LED_PWM:PWMUDB:MODULE_1:g2:a0:s_13\
	\LED_PWM:PWMUDB:MODULE_1:g2:a0:s_12\
	\LED_PWM:PWMUDB:MODULE_1:g2:a0:s_11\
	\LED_PWM:PWMUDB:MODULE_1:g2:a0:s_10\
	\LED_PWM:PWMUDB:MODULE_1:g2:a0:s_9\
	\LED_PWM:PWMUDB:MODULE_1:g2:a0:s_8\
	\LED_PWM:PWMUDB:MODULE_1:g2:a0:s_7\
	\LED_PWM:PWMUDB:MODULE_1:g2:a0:s_6\
	\LED_PWM:PWMUDB:MODULE_1:g2:a0:s_5\
	\LED_PWM:PWMUDB:MODULE_1:g2:a0:s_4\
	\LED_PWM:PWMUDB:MODULE_1:g2:a0:s_3\
	\LED_PWM:PWMUDB:MODULE_1:g2:a0:s_2\
	\LED_PWM:PWMUDB:MODULE_1:g2:a0:g1:z1:s0:g1:u0:c_31\
	\LED_PWM:PWMUDB:MODULE_1:g2:a0:g1:z1:s0:g1:u0:c_30\
	\LED_PWM:PWMUDB:MODULE_1:g2:a0:g1:z1:s0:g1:u0:c_29\
	\LED_PWM:PWMUDB:MODULE_1:g2:a0:g1:z1:s0:g1:u0:c_28\
	\LED_PWM:PWMUDB:MODULE_1:g2:a0:g1:z1:s0:g1:u0:c_27\
	\LED_PWM:PWMUDB:MODULE_1:g2:a0:g1:z1:s0:g1:u0:c_26\
	\LED_PWM:PWMUDB:MODULE_1:g2:a0:g1:z1:s0:g1:u0:c_25\
	\LED_PWM:Net_139\
	\LED_PWM:Net_138\
	\LED_PWM:Net_183\
	\LED_PWM:Net_181\

    Synthesized names
	\LED_PWM:PWMUDB:add_vi_vv_MODGEN_1_31\
	\LED_PWM:PWMUDB:add_vi_vv_MODGEN_1_30\
	\LED_PWM:PWMUDB:add_vi_vv_MODGEN_1_29\
	\LED_PWM:PWMUDB:add_vi_vv_MODGEN_1_28\
	\LED_PWM:PWMUDB:add_vi_vv_MODGEN_1_27\
	\LED_PWM:PWMUDB:add_vi_vv_MODGEN_1_26\
	\LED_PWM:PWMUDB:add_vi_vv_MODGEN_1_25\
	\LED_PWM:PWMUDB:add_vi_vv_MODGEN_1_24\
	\LED_PWM:PWMUDB:add_vi_vv_MODGEN_1_23\
	\LED_PWM:PWMUDB:add_vi_vv_MODGEN_1_22\
	\LED_PWM:PWMUDB:add_vi_vv_MODGEN_1_21\
	\LED_PWM:PWMUDB:add_vi_vv_MODGEN_1_20\
	\LED_PWM:PWMUDB:add_vi_vv_MODGEN_1_19\
	\LED_PWM:PWMUDB:add_vi_vv_MODGEN_1_18\
	\LED_PWM:PWMUDB:add_vi_vv_MODGEN_1_17\
	\LED_PWM:PWMUDB:add_vi_vv_MODGEN_1_16\
	\LED_PWM:PWMUDB:add_vi_vv_MODGEN_1_15\
	\LED_PWM:PWMUDB:add_vi_vv_MODGEN_1_14\
	\LED_PWM:PWMUDB:add_vi_vv_MODGEN_1_13\
	\LED_PWM:PWMUDB:add_vi_vv_MODGEN_1_12\
	\LED_PWM:PWMUDB:add_vi_vv_MODGEN_1_11\
	\LED_PWM:PWMUDB:add_vi_vv_MODGEN_1_10\
	\LED_PWM:PWMUDB:add_vi_vv_MODGEN_1_9\
	\LED_PWM:PWMUDB:add_vi_vv_MODGEN_1_8\
	\LED_PWM:PWMUDB:add_vi_vv_MODGEN_1_7\
	\LED_PWM:PWMUDB:add_vi_vv_MODGEN_1_6\
	\LED_PWM:PWMUDB:add_vi_vv_MODGEN_1_5\
	\LED_PWM:PWMUDB:add_vi_vv_MODGEN_1_4\
	\LED_PWM:PWMUDB:add_vi_vv_MODGEN_1_3\
	\LED_PWM:PWMUDB:add_vi_vv_MODGEN_1_2\

Deleted 134 User equations/components.
Deleted 30 Synthesized equations/components.

------------------------------------------------------
Alias Detection
------------------------------------------------------
Aliasing \LEFT_MOTOR:Net_66\ to \LEFT_MOTOR:Net_75\
Aliasing \LEFT_MOTOR:Net_82\ to \LEFT_MOTOR:Net_75\
Aliasing \LEFT_MOTOR:Net_72\ to \LEFT_MOTOR:Net_75\
Aliasing \RIGHT_MOTOR:Net_81\ to \LEFT_MOTOR:Net_81\
Aliasing \RIGHT_MOTOR:Net_75\ to \LEFT_MOTOR:Net_75\
Aliasing \RIGHT_MOTOR:Net_69\ to \LEFT_MOTOR:Net_69\
Aliasing \RIGHT_MOTOR:Net_66\ to \LEFT_MOTOR:Net_75\
Aliasing \RIGHT_MOTOR:Net_82\ to \LEFT_MOTOR:Net_75\
Aliasing \RIGHT_MOTOR:Net_72\ to \LEFT_MOTOR:Net_75\
Aliasing one to \LEFT_MOTOR:Net_69\
Aliasing zero to \LEFT_MOTOR:Net_75\
Aliasing \LED_PWM:Net_180\ to \LEFT_MOTOR:Net_75\
Aliasing \LED_PWM:PWMUDB:hwCapture\ to \LEFT_MOTOR:Net_75\
Aliasing \LED_PWM:Net_178\ to \LEFT_MOTOR:Net_75\
Aliasing \LED_PWM:PWMUDB:trig_out\ to \LEFT_MOTOR:Net_69\
Aliasing \LED_PWM:PWMUDB:runmode_enable\\S\ to \LEFT_MOTOR:Net_75\
Aliasing \LED_PWM:Net_179\ to \LEFT_MOTOR:Net_69\
Aliasing \LED_PWM:PWMUDB:ltch_kill_reg\\R\ to \LED_PWM:PWMUDB:runmode_enable\\R\
Aliasing \LED_PWM:PWMUDB:ltch_kill_reg\\S\ to \LEFT_MOTOR:Net_75\
Aliasing \LED_PWM:PWMUDB:km_tc\ to \LEFT_MOTOR:Net_75\
Aliasing \LED_PWM:PWMUDB:min_kill_reg\\R\ to \LED_PWM:PWMUDB:runmode_enable\\R\
Aliasing \LED_PWM:PWMUDB:min_kill_reg\\S\ to \LEFT_MOTOR:Net_75\
Aliasing \LED_PWM:PWMUDB:final_kill\ to \LEFT_MOTOR:Net_69\
Aliasing \LED_PWM:PWMUDB:dith_count_1\\R\ to \LED_PWM:PWMUDB:runmode_enable\\R\
Aliasing \LED_PWM:PWMUDB:dith_count_1\\S\ to \LEFT_MOTOR:Net_75\
Aliasing \LED_PWM:PWMUDB:dith_count_0\\R\ to \LED_PWM:PWMUDB:runmode_enable\\R\
Aliasing \LED_PWM:PWMUDB:dith_count_0\\S\ to \LEFT_MOTOR:Net_75\
Aliasing \LED_PWM:PWMUDB:status_6\ to \LEFT_MOTOR:Net_75\
Aliasing \LED_PWM:PWMUDB:status_4\ to \LEFT_MOTOR:Net_75\
Aliasing \LED_PWM:PWMUDB:cmp2\ to \LEFT_MOTOR:Net_75\
Aliasing \LED_PWM:PWMUDB:cmp1_status_reg\\R\ to \LED_PWM:PWMUDB:runmode_enable\\R\
Aliasing \LED_PWM:PWMUDB:cmp1_status_reg\\S\ to \LEFT_MOTOR:Net_75\
Aliasing \LED_PWM:PWMUDB:cmp2_status_reg\\R\ to \LED_PWM:PWMUDB:runmode_enable\\R\
Aliasing \LED_PWM:PWMUDB:cmp2_status_reg\\S\ to \LEFT_MOTOR:Net_75\
Aliasing \LED_PWM:PWMUDB:final_kill_reg\\R\ to \LED_PWM:PWMUDB:runmode_enable\\R\
Aliasing \LED_PWM:PWMUDB:final_kill_reg\\S\ to \LEFT_MOTOR:Net_75\
Aliasing \LED_PWM:PWMUDB:cs_addr_0\ to \LED_PWM:PWMUDB:runmode_enable\\R\
Aliasing \LED_PWM:PWMUDB:pwm1_i\ to \LEFT_MOTOR:Net_75\
Aliasing \LED_PWM:PWMUDB:pwm2_i\ to \LEFT_MOTOR:Net_75\
Aliasing \LED_PWM:PWMUDB:MODULE_1:g2:a0:a_23\ to \LEFT_MOTOR:Net_75\
Aliasing \LED_PWM:PWMUDB:MODULE_1:g2:a0:a_22\ to \LEFT_MOTOR:Net_75\
Aliasing \LED_PWM:PWMUDB:MODULE_1:g2:a0:a_21\ to \LEFT_MOTOR:Net_75\
Aliasing \LED_PWM:PWMUDB:MODULE_1:g2:a0:a_20\ to \LEFT_MOTOR:Net_75\
Aliasing \LED_PWM:PWMUDB:MODULE_1:g2:a0:a_19\ to \LEFT_MOTOR:Net_75\
Aliasing \LED_PWM:PWMUDB:MODULE_1:g2:a0:a_18\ to \LEFT_MOTOR:Net_75\
Aliasing \LED_PWM:PWMUDB:MODULE_1:g2:a0:a_17\ to \LEFT_MOTOR:Net_75\
Aliasing \LED_PWM:PWMUDB:MODULE_1:g2:a0:a_16\ to \LEFT_MOTOR:Net_75\
Aliasing \LED_PWM:PWMUDB:MODULE_1:g2:a0:a_15\ to \LEFT_MOTOR:Net_75\
Aliasing \LED_PWM:PWMUDB:MODULE_1:g2:a0:a_14\ to \LEFT_MOTOR:Net_75\
Aliasing \LED_PWM:PWMUDB:MODULE_1:g2:a0:a_13\ to \LEFT_MOTOR:Net_75\
Aliasing \LED_PWM:PWMUDB:MODULE_1:g2:a0:a_12\ to \LEFT_MOTOR:Net_75\
Aliasing \LED_PWM:PWMUDB:MODULE_1:g2:a0:a_11\ to \LEFT_MOTOR:Net_75\
Aliasing \LED_PWM:PWMUDB:MODULE_1:g2:a0:a_10\ to \LEFT_MOTOR:Net_75\
Aliasing \LED_PWM:PWMUDB:MODULE_1:g2:a0:a_9\ to \LEFT_MOTOR:Net_75\
Aliasing \LED_PWM:PWMUDB:MODULE_1:g2:a0:a_8\ to \LEFT_MOTOR:Net_75\
Aliasing \LED_PWM:PWMUDB:MODULE_1:g2:a0:a_7\ to \LEFT_MOTOR:Net_75\
Aliasing \LED_PWM:PWMUDB:MODULE_1:g2:a0:a_6\ to \LEFT_MOTOR:Net_75\
Aliasing \LED_PWM:PWMUDB:MODULE_1:g2:a0:a_5\ to \LEFT_MOTOR:Net_75\
Aliasing \LED_PWM:PWMUDB:MODULE_1:g2:a0:a_4\ to \LEFT_MOTOR:Net_75\
Aliasing \LED_PWM:PWMUDB:MODULE_1:g2:a0:a_3\ to \LEFT_MOTOR:Net_75\
Aliasing \LED_PWM:PWMUDB:MODULE_1:g2:a0:a_2\ to \LEFT_MOTOR:Net_75\
Aliasing \LED_PWM:PWMUDB:MODULE_1:g2:a0:g1:z1:s0:g1:u0:b_0\ to \LEFT_MOTOR:Net_69\
Aliasing Net_46 to \LEFT_MOTOR:Net_75\
Aliasing tmpOE__red_net_0 to \LEFT_MOTOR:Net_69\
Aliasing tmpOE__ENA_net_0 to \LEFT_MOTOR:Net_69\
Aliasing tmpOE__ENB_net_0 to \LEFT_MOTOR:Net_69\
Aliasing tmpOE__IN1_net_0 to \LEFT_MOTOR:Net_69\
Aliasing tmpOE__IN2_net_0 to \LEFT_MOTOR:Net_69\
Aliasing tmpOE__IN3_net_0 to \LEFT_MOTOR:Net_69\
Aliasing tmpOE__IN4_net_0 to \LEFT_MOTOR:Net_69\
Aliasing \LED_PWM:PWMUDB:prevCompare1\\D\ to \LED_PWM:PWMUDB:pwm_temp\
Aliasing \LED_PWM:PWMUDB:tc_i_reg\\D\ to \LED_PWM:PWMUDB:status_2\
Removing Lhs of wire \LEFT_MOTOR:Net_81\[1] = Net_29[13]
Removing Lhs of wire \LEFT_MOTOR:Net_66\[4] = \LEFT_MOTOR:Net_75\[2]
Removing Lhs of wire \LEFT_MOTOR:Net_82\[5] = \LEFT_MOTOR:Net_75\[2]
Removing Lhs of wire \LEFT_MOTOR:Net_72\[6] = \LEFT_MOTOR:Net_75\[2]
Removing Lhs of wire \RIGHT_MOTOR:Net_81\[15] = Net_29[13]
Removing Lhs of wire \RIGHT_MOTOR:Net_75\[16] = \LEFT_MOTOR:Net_75\[2]
Removing Lhs of wire \RIGHT_MOTOR:Net_69\[17] = \LEFT_MOTOR:Net_69\[3]
Removing Lhs of wire \RIGHT_MOTOR:Net_66\[18] = \LEFT_MOTOR:Net_75\[2]
Removing Lhs of wire \RIGHT_MOTOR:Net_82\[19] = \LEFT_MOTOR:Net_75\[2]
Removing Lhs of wire \RIGHT_MOTOR:Net_72\[20] = \LEFT_MOTOR:Net_75\[2]
Removing Lhs of wire \LED_PWM:Net_68\[39] = Net_62[369]
Removing Rhs of wire one[40] = \LEFT_MOTOR:Net_69\[3]
Removing Rhs of wire zero[43] = \LEFT_MOTOR:Net_75\[2]
Removing Lhs of wire \LED_PWM:PWMUDB:ctrl_enable\[52] = \LED_PWM:PWMUDB:control_7\[44]
Removing Lhs of wire \LED_PWM:Net_180\[60] = zero[43]
Removing Lhs of wire \LED_PWM:PWMUDB:hwCapture\[63] = zero[43]
Removing Lhs of wire \LED_PWM:PWMUDB:hwEnable\[64] = \LED_PWM:PWMUDB:control_7\[44]
Removing Lhs of wire \LED_PWM:Net_178\[66] = zero[43]
Removing Lhs of wire \LED_PWM:PWMUDB:trig_out\[69] = one[40]
Removing Lhs of wire \LED_PWM:PWMUDB:runmode_enable\\R\[71] = \LED_PWM:Net_186\[72]
Removing Lhs of wire \LED_PWM:Net_186\[72] = zero[43]
Removing Lhs of wire \LED_PWM:PWMUDB:runmode_enable\\S\[73] = zero[43]
Removing Lhs of wire \LED_PWM:PWMUDB:final_enable\[74] = \LED_PWM:PWMUDB:runmode_enable\[70]
Removing Lhs of wire \LED_PWM:Net_179\[77] = one[40]
Removing Lhs of wire \LED_PWM:PWMUDB:ltch_kill_reg\\R\[79] = zero[43]
Removing Lhs of wire \LED_PWM:PWMUDB:ltch_kill_reg\\S\[80] = zero[43]
Removing Lhs of wire \LED_PWM:PWMUDB:km_tc\[81] = zero[43]
Removing Lhs of wire \LED_PWM:PWMUDB:min_kill_reg\\R\[82] = zero[43]
Removing Lhs of wire \LED_PWM:PWMUDB:min_kill_reg\\S\[83] = zero[43]
Removing Lhs of wire \LED_PWM:PWMUDB:final_kill\[86] = one[40]
Removing Lhs of wire \LED_PWM:PWMUDB:add_vi_vv_MODGEN_1_1\[89] = \LED_PWM:PWMUDB:MODULE_1:g2:a0:s_1\[328]
Removing Lhs of wire \LED_PWM:PWMUDB:add_vi_vv_MODGEN_1_0\[91] = \LED_PWM:PWMUDB:MODULE_1:g2:a0:s_0\[329]
Removing Lhs of wire \LED_PWM:PWMUDB:dith_count_1\\R\[92] = zero[43]
Removing Lhs of wire \LED_PWM:PWMUDB:dith_count_1\\S\[93] = zero[43]
Removing Lhs of wire \LED_PWM:PWMUDB:dith_count_0\\R\[94] = zero[43]
Removing Lhs of wire \LED_PWM:PWMUDB:dith_count_0\\S\[95] = zero[43]
Removing Lhs of wire \LED_PWM:PWMUDB:status_6\[98] = zero[43]
Removing Rhs of wire \LED_PWM:PWMUDB:status_5\[99] = \LED_PWM:PWMUDB:final_kill_reg\[113]
Removing Lhs of wire \LED_PWM:PWMUDB:status_4\[100] = zero[43]
Removing Rhs of wire \LED_PWM:PWMUDB:status_3\[101] = \LED_PWM:PWMUDB:fifo_full\[120]
Removing Rhs of wire \LED_PWM:PWMUDB:status_1\[103] = \LED_PWM:PWMUDB:cmp2_status_reg\[112]
Removing Rhs of wire \LED_PWM:PWMUDB:status_0\[104] = \LED_PWM:PWMUDB:cmp1_status_reg\[111]
Removing Lhs of wire \LED_PWM:PWMUDB:cmp2_status\[109] = zero[43]
Removing Lhs of wire \LED_PWM:PWMUDB:cmp2\[110] = zero[43]
Removing Lhs of wire \LED_PWM:PWMUDB:cmp1_status_reg\\R\[114] = zero[43]
Removing Lhs of wire \LED_PWM:PWMUDB:cmp1_status_reg\\S\[115] = zero[43]
Removing Lhs of wire \LED_PWM:PWMUDB:cmp2_status_reg\\R\[116] = zero[43]
Removing Lhs of wire \LED_PWM:PWMUDB:cmp2_status_reg\\S\[117] = zero[43]
Removing Lhs of wire \LED_PWM:PWMUDB:final_kill_reg\\R\[118] = zero[43]
Removing Lhs of wire \LED_PWM:PWMUDB:final_kill_reg\\S\[119] = zero[43]
Removing Lhs of wire \LED_PWM:PWMUDB:cs_addr_2\[121] = \LED_PWM:PWMUDB:tc_i\[76]
Removing Lhs of wire \LED_PWM:PWMUDB:cs_addr_1\[122] = \LED_PWM:PWMUDB:runmode_enable\[70]
Removing Lhs of wire \LED_PWM:PWMUDB:cs_addr_0\[123] = zero[43]
Removing Lhs of wire \LED_PWM:PWMUDB:compare1\[156] = \LED_PWM:PWMUDB:cmp1_less\[127]
Removing Lhs of wire \LED_PWM:PWMUDB:pwm1_i\[161] = zero[43]
Removing Lhs of wire \LED_PWM:PWMUDB:pwm2_i\[163] = zero[43]
Removing Rhs of wire Net_64[166] = \LED_PWM:PWMUDB:pwm_i_reg\[158]
Removing Lhs of wire \LED_PWM:PWMUDB:pwm_temp\[169] = \LED_PWM:PWMUDB:cmp1\[107]
Removing Lhs of wire \LED_PWM:PWMUDB:MODULE_1:g2:a0:a_23\[210] = zero[43]
Removing Lhs of wire \LED_PWM:PWMUDB:MODULE_1:g2:a0:a_22\[211] = zero[43]
Removing Lhs of wire \LED_PWM:PWMUDB:MODULE_1:g2:a0:a_21\[212] = zero[43]
Removing Lhs of wire \LED_PWM:PWMUDB:MODULE_1:g2:a0:a_20\[213] = zero[43]
Removing Lhs of wire \LED_PWM:PWMUDB:MODULE_1:g2:a0:a_19\[214] = zero[43]
Removing Lhs of wire \LED_PWM:PWMUDB:MODULE_1:g2:a0:a_18\[215] = zero[43]
Removing Lhs of wire \LED_PWM:PWMUDB:MODULE_1:g2:a0:a_17\[216] = zero[43]
Removing Lhs of wire \LED_PWM:PWMUDB:MODULE_1:g2:a0:a_16\[217] = zero[43]
Removing Lhs of wire \LED_PWM:PWMUDB:MODULE_1:g2:a0:a_15\[218] = zero[43]
Removing Lhs of wire \LED_PWM:PWMUDB:MODULE_1:g2:a0:a_14\[219] = zero[43]
Removing Lhs of wire \LED_PWM:PWMUDB:MODULE_1:g2:a0:a_13\[220] = zero[43]
Removing Lhs of wire \LED_PWM:PWMUDB:MODULE_1:g2:a0:a_12\[221] = zero[43]
Removing Lhs of wire \LED_PWM:PWMUDB:MODULE_1:g2:a0:a_11\[222] = zero[43]
Removing Lhs of wire \LED_PWM:PWMUDB:MODULE_1:g2:a0:a_10\[223] = zero[43]
Removing Lhs of wire \LED_PWM:PWMUDB:MODULE_1:g2:a0:a_9\[224] = zero[43]
Removing Lhs of wire \LED_PWM:PWMUDB:MODULE_1:g2:a0:a_8\[225] = zero[43]
Removing Lhs of wire \LED_PWM:PWMUDB:MODULE_1:g2:a0:a_7\[226] = zero[43]
Removing Lhs of wire \LED_PWM:PWMUDB:MODULE_1:g2:a0:a_6\[227] = zero[43]
Removing Lhs of wire \LED_PWM:PWMUDB:MODULE_1:g2:a0:a_5\[228] = zero[43]
Removing Lhs of wire \LED_PWM:PWMUDB:MODULE_1:g2:a0:a_4\[229] = zero[43]
Removing Lhs of wire \LED_PWM:PWMUDB:MODULE_1:g2:a0:a_3\[230] = zero[43]
Removing Lhs of wire \LED_PWM:PWMUDB:MODULE_1:g2:a0:a_2\[231] = zero[43]
Removing Lhs of wire \LED_PWM:PWMUDB:MODULE_1:g2:a0:a_1\[232] = \LED_PWM:PWMUDB:MODIN1_1\[233]
Removing Lhs of wire \LED_PWM:PWMUDB:MODIN1_1\[233] = \LED_PWM:PWMUDB:dith_count_1\[88]
Removing Lhs of wire \LED_PWM:PWMUDB:MODULE_1:g2:a0:a_0\[234] = \LED_PWM:PWMUDB:MODIN1_0\[235]
Removing Lhs of wire \LED_PWM:PWMUDB:MODIN1_0\[235] = \LED_PWM:PWMUDB:dith_count_0\[90]
Removing Lhs of wire \LED_PWM:PWMUDB:MODULE_1:g2:a0:g1:z1:s0:g1:u0:c_0\[367] = one[40]
Removing Lhs of wire \LED_PWM:PWMUDB:MODULE_1:g2:a0:g1:z1:s0:g1:u0:b_0\[368] = one[40]
Removing Lhs of wire Net_46[375] = zero[43]
Removing Lhs of wire tmpOE__red_net_0[379] = one[40]
Removing Lhs of wire tmpOE__ENA_net_0[385] = one[40]
Removing Lhs of wire tmpOE__ENB_net_0[391] = one[40]
Removing Lhs of wire tmpOE__IN1_net_0[397] = one[40]
Removing Lhs of wire tmpOE__IN2_net_0[403] = one[40]
Removing Lhs of wire tmpOE__IN3_net_0[409] = one[40]
Removing Lhs of wire tmpOE__IN4_net_0[415] = one[40]
Removing Lhs of wire \LED_PWM:PWMUDB:prevCapture\\D\[421] = zero[43]
Removing Lhs of wire \LED_PWM:PWMUDB:trig_last\\D\[422] = zero[43]
Removing Lhs of wire \LED_PWM:PWMUDB:prevCompare1\\D\[428] = \LED_PWM:PWMUDB:cmp1\[107]
Removing Lhs of wire \LED_PWM:PWMUDB:cmp1_status_reg\\D\[429] = \LED_PWM:PWMUDB:cmp1_status\[108]
Removing Lhs of wire \LED_PWM:PWMUDB:cmp2_status_reg\\D\[430] = zero[43]
Removing Lhs of wire \LED_PWM:PWMUDB:pwm_i_reg\\D\[432] = \LED_PWM:PWMUDB:pwm_i\[159]
Removing Lhs of wire \LED_PWM:PWMUDB:pwm1_i_reg\\D\[433] = zero[43]
Removing Lhs of wire \LED_PWM:PWMUDB:pwm2_i_reg\\D\[434] = zero[43]
Removing Lhs of wire \LED_PWM:PWMUDB:tc_i_reg\\D\[435] = \LED_PWM:PWMUDB:status_2\[102]

------------------------------------------------------
Aliased 0 equations, 103 wires.
------------------------------------------------------

----------------------------------------------------------
Circuit simplification
----------------------------------------------------------

Substituting virtuals - pass 1:

Note:  Expanding virtual equation for 'zero' (cost = 0):
zero <=  ('0') ;

Note:  Expanding virtual equation for 'one' (cost = 0):
one <=  ('1') ;

Note:  Expanding virtual equation for '\LED_PWM:PWMUDB:cmp1\' (cost = 0):
\LED_PWM:PWMUDB:cmp1\ <= (\LED_PWM:PWMUDB:cmp1_less\);

Note:  Expanding virtual equation for '\LED_PWM:PWMUDB:MODULE_1:g2:a0:g1:z1:s0:g1:u0:c_1\' (cost = 0):
\LED_PWM:PWMUDB:MODULE_1:g2:a0:g1:z1:s0:g1:u0:c_1\ <= (\LED_PWM:PWMUDB:dith_count_0\);

Note:  Expanding virtual equation for '\LED_PWM:PWMUDB:MODULE_1:g2:a0:s_0\' (cost = 0):
\LED_PWM:PWMUDB:MODULE_1:g2:a0:s_0\ <= (not \LED_PWM:PWMUDB:dith_count_0\);

Note:  Expanding virtual equation for '\LED_PWM:PWMUDB:MODULE_1:g2:a0:g1:z1:s0:g1:u0:c_17\' (cost = 0):
\LED_PWM:PWMUDB:MODULE_1:g2:a0:g1:z1:s0:g1:u0:c_17\ <=  ('0') ;

Note:  Expanding virtual equation for '\LED_PWM:PWMUDB:MODULE_1:g2:a0:g1:z1:s0:g1:u0:c_9\' (cost = 0):
\LED_PWM:PWMUDB:MODULE_1:g2:a0:g1:z1:s0:g1:u0:c_9\ <=  ('0') ;

Note:  Expanding virtual equation for '\LED_PWM:PWMUDB:MODULE_1:g2:a0:g1:z1:s0:g1:u0:c_2\' (cost = 0):
\LED_PWM:PWMUDB:MODULE_1:g2:a0:g1:z1:s0:g1:u0:c_2\ <= ((\LED_PWM:PWMUDB:dith_count_1\ and \LED_PWM:PWMUDB:dith_count_0\));


Substituting virtuals - pass 2:

Note:  Expanding virtual equation for '\LED_PWM:PWMUDB:MODULE_1:g2:a0:s_1\' (cost = 2):
\LED_PWM:PWMUDB:MODULE_1:g2:a0:s_1\ <= ((not \LED_PWM:PWMUDB:dith_count_0\ and \LED_PWM:PWMUDB:dith_count_1\)
	OR (not \LED_PWM:PWMUDB:dith_count_1\ and \LED_PWM:PWMUDB:dith_count_0\));

Note:  Expanding virtual equation for '\LED_PWM:PWMUDB:MODULE_1:g2:a0:g1:z1:s0:g1:u0:c_18\' (cost = 0):
\LED_PWM:PWMUDB:MODULE_1:g2:a0:g1:z1:s0:g1:u0:c_18\ <=  ('0') ;

Note:  Expanding virtual equation for '\LED_PWM:PWMUDB:MODULE_1:g2:a0:g1:z1:s0:g1:u0:c_10\' (cost = 0):
\LED_PWM:PWMUDB:MODULE_1:g2:a0:g1:z1:s0:g1:u0:c_10\ <=  ('0') ;

Note:  Expanding virtual equation for '\LED_PWM:PWMUDB:MODULE_1:g2:a0:g1:z1:s0:g1:u0:c_3\' (cost = 0):
\LED_PWM:PWMUDB:MODULE_1:g2:a0:g1:z1:s0:g1:u0:c_3\ <=  ('0') ;


Substituting virtuals - pass 3:

Note:  Expanding virtual equation for '\LED_PWM:PWMUDB:MODULE_1:g2:a0:g1:z1:s0:g1:u0:c_19\' (cost = 0):
\LED_PWM:PWMUDB:MODULE_1:g2:a0:g1:z1:s0:g1:u0:c_19\ <=  ('0') ;

Note:  Expanding virtual equation for '\LED_PWM:PWMUDB:MODULE_1:g2:a0:g1:z1:s0:g1:u0:c_11\' (cost = 0):
\LED_PWM:PWMUDB:MODULE_1:g2:a0:g1:z1:s0:g1:u0:c_11\ <=  ('0') ;

Note:  Expanding virtual equation for '\LED_PWM:PWMUDB:MODULE_1:g2:a0:g1:z1:s0:g1:u0:c_4\' (cost = 0):
\LED_PWM:PWMUDB:MODULE_1:g2:a0:g1:z1:s0:g1:u0:c_4\ <=  ('0') ;


Substituting virtuals - pass 4:

Note:  Expanding virtual equation for '\LED_PWM:PWMUDB:MODULE_1:g2:a0:g1:z1:s0:g1:u0:c_20\' (cost = 0):
\LED_PWM:PWMUDB:MODULE_1:g2:a0:g1:z1:s0:g1:u0:c_20\ <=  ('0') ;

Note:  Expanding virtual equation for '\LED_PWM:PWMUDB:MODULE_1:g2:a0:g1:z1:s0:g1:u0:c_12\' (cost = 0):
\LED_PWM:PWMUDB:MODULE_1:g2:a0:g1:z1:s0:g1:u0:c_12\ <=  ('0') ;

Note:  Expanding virtual equation for '\LED_PWM:PWMUDB:MODULE_1:g2:a0:g1:z1:s0:g1:u0:c_5\' (cost = 0):
\LED_PWM:PWMUDB:MODULE_1:g2:a0:g1:z1:s0:g1:u0:c_5\ <=  ('0') ;


Substituting virtuals - pass 5:

Note:  Expanding virtual equation for '\LED_PWM:PWMUDB:MODULE_1:g2:a0:g1:z1:s0:g1:u0:c_21\' (cost = 0):
\LED_PWM:PWMUDB:MODULE_1:g2:a0:g1:z1:s0:g1:u0:c_21\ <=  ('0') ;

Note:  Expanding virtual equation for '\LED_PWM:PWMUDB:MODULE_1:g2:a0:g1:z1:s0:g1:u0:c_13\' (cost = 0):
\LED_PWM:PWMUDB:MODULE_1:g2:a0:g1:z1:s0:g1:u0:c_13\ <=  ('0') ;

Note:  Expanding virtual equation for '\LED_PWM:PWMUDB:MODULE_1:g2:a0:g1:z1:s0:g1:u0:c_6\' (cost = 0):
\LED_PWM:PWMUDB:MODULE_1:g2:a0:g1:z1:s0:g1:u0:c_6\ <=  ('0') ;


Substituting virtuals - pass 6:

Note:  Expanding virtual equation for '\LED_PWM:PWMUDB:MODULE_1:g2:a0:g1:z1:s0:g1:u0:c_22\' (cost = 0):
\LED_PWM:PWMUDB:MODULE_1:g2:a0:g1:z1:s0:g1:u0:c_22\ <=  ('0') ;

Note:  Expanding virtual equation for '\LED_PWM:PWMUDB:MODULE_1:g2:a0:g1:z1:s0:g1:u0:c_14\' (cost = 0):
\LED_PWM:PWMUDB:MODULE_1:g2:a0:g1:z1:s0:g1:u0:c_14\ <=  ('0') ;

Note:  Expanding virtual equation for '\LED_PWM:PWMUDB:MODULE_1:g2:a0:g1:z1:s0:g1:u0:c_7\' (cost = 0):
\LED_PWM:PWMUDB:MODULE_1:g2:a0:g1:z1:s0:g1:u0:c_7\ <=  ('0') ;


Substituting virtuals - pass 7:

Note:  Expanding virtual equation for '\LED_PWM:PWMUDB:MODULE_1:g2:a0:g1:z1:s0:g1:u0:c_23\' (cost = 0):
\LED_PWM:PWMUDB:MODULE_1:g2:a0:g1:z1:s0:g1:u0:c_23\ <=  ('0') ;

Note:  Expanding virtual equation for '\LED_PWM:PWMUDB:MODULE_1:g2:a0:g1:z1:s0:g1:u0:c_15\' (cost = 0):
\LED_PWM:PWMUDB:MODULE_1:g2:a0:g1:z1:s0:g1:u0:c_15\ <=  ('0') ;


Substituting virtuals - pass 8:


----------------------------------------------------------
Circuit simplification results:

	Expanded 26 signals.
	Turned 0 signals into soft nodes.
	Maximum default expansion cost was set at 3.
----------------------------------------------------------

------------------------------------------------------
Alias Detection
------------------------------------------------------
Aliasing \LED_PWM:PWMUDB:final_capture\ to zero
Aliasing \LED_PWM:PWMUDB:MODULE_1:g2:a0:g1:z1:s0:g1:u0:b_24\ to zero
Aliasing \LED_PWM:PWMUDB:MODULE_1:g2:a0:g1:z1:s0:g1:u0:b_16\ to zero
Aliasing \LED_PWM:PWMUDB:MODULE_1:g2:a0:g1:z1:s0:g1:u0:b_8\ to zero
Aliasing \LED_PWM:PWMUDB:min_kill_reg\\D\ to one
Aliasing \LED_PWM:PWMUDB:ltch_kill_reg\\D\ to one
Aliasing \LED_PWM:PWMUDB:final_kill_reg\\D\ to zero
Removing Lhs of wire \LED_PWM:PWMUDB:final_capture\[125] = zero[43]
Removing Lhs of wire \LED_PWM:PWMUDB:MODULE_1:g2:a0:g1:z1:s0:g1:u0:b_24\[338] = zero[43]
Removing Lhs of wire \LED_PWM:PWMUDB:MODULE_1:g2:a0:g1:z1:s0:g1:u0:b_16\[348] = zero[43]
Removing Lhs of wire \LED_PWM:PWMUDB:MODULE_1:g2:a0:g1:z1:s0:g1:u0:b_8\[358] = zero[43]
Removing Lhs of wire \LED_PWM:PWMUDB:min_kill_reg\\D\[420] = one[40]
Removing Lhs of wire \LED_PWM:PWMUDB:runmode_enable\\D\[423] = \LED_PWM:PWMUDB:control_7\[44]
Removing Lhs of wire \LED_PWM:PWMUDB:ltch_kill_reg\\D\[425] = one[40]
Removing Lhs of wire \LED_PWM:PWMUDB:final_kill_reg\\D\[431] = zero[43]

------------------------------------------------------
Aliased 0 equations, 8 wires.
------------------------------------------------------

----------------------------------------------------------
Circuit simplification
----------------------------------------------------------

Eliminating unused logic - pass 1:


Eliminating unused logic - pass 2:


Substituting virtuals - pass 1:


----------------------------------------------------------
Circuit simplification results:

	Expanded 0 signals.
	Turned 0 signals into soft nodes.
	Maximum default expansion cost was set at 3.
----------------------------------------------------------

topld:  No errors.

CYPRESS_DIR    : C:\Program Files (x86)\Cypress\PSoC Creator\4.2\PSoC Creator\warp
Warp Program   : C:\Program Files (x86)\Cypress\PSoC Creator\4.2\PSoC Creator\warp\bin\warp.exe
Warp Arguments : -yv2 -q10 -ygs -o2 -v3 -.fftcfgtype=LE -ya -.fftprj=C:\Users\Toreckk\Desktop\Programming\BLERobot\BLERobot\PSOC\RobotBLE.cydsn\RobotBLE.cyprj -dcpsoc3 RobotBLE.v -verilog
</CYPRESSTAG>
Warp synthesis phase: Elapsed time ==> 1s.725ms
<CYPRESSTAG name="Fitter results...">
<CYPRESSTAG name="Fitter startup details...">
cyp3fit: V4.2.0.641, Family: PSoC3, Started at: Wednesday, 08 May 2019 18:54:16
Options: -yv2 -q10 -ygs -o2 -v3 -.fftcfgtype=LE -ya -.fftprj=C:\Users\Toreckk\Desktop\Programming\BLERobot\BLERobot\PSOC\RobotBLE.cydsn\RobotBLE.cyprj -d CY8C4248LQI-BL583 RobotBLE.v -verilog
</CYPRESSTAG>
<CYPRESSTAG name="Design parsing">
Design parsing phase: Elapsed time ==> 0s.018ms
</CYPRESSTAG>
<CYPRESSTAG name="Tech Mapping">
<CYPRESSTAG name="Initial Mapping" icon="FILE_RPT_TECHM">
    Removed wire end \LED_PWM:PWMUDB:MODULE_1:g2:a0:g1:z1:s0:g1:u0:c_24\ kept zero
    Removed wire end \LED_PWM:PWMUDB:MODULE_1:g2:a0:g1:z1:s0:g1:u0:c_16\ kept zero
    Removed wire end \LED_PWM:PWMUDB:MODULE_1:g2:a0:g1:z1:s0:g1:u0:c_8\ kept zero
    Converted constant MacroCell: \LED_PWM:PWMUDB:prevCapture\ from registered to combinatorial
    Converted constant MacroCell: \LED_PWM:PWMUDB:trig_last\ from registered to combinatorial
    Converted constant MacroCell: \LED_PWM:PWMUDB:status_1\ from registered to combinatorial
    Converted constant MacroCell: \LED_PWM:PWMUDB:status_5\ from registered to combinatorial
    Converted constant MacroCell: \LED_PWM:PWMUDB:pwm1_i_reg\ from registered to combinatorial
    Converted constant MacroCell: \LED_PWM:PWMUDB:pwm2_i_reg\ from registered to combinatorial
Assigning clock BLE_LFCLK to clock LFClk because it is a pass-through

Removing unused cells resulting from optimization
Done removing unused cells.
<CYPRESSTAG name="Global Clock Selection" icon="FILE_RPT_TECHM">
    Fixed Function Clock 7: Automatic-assigning  clock 'Clock_1'. Signal=Net_29_ff7
    Fixed Function Clock 8: Automatic-assigning  clock 'Clock_1'. Signal=Net_29_ff8
    Digital Clock 0: Automatic-assigning  clock 'Clock_2'. Fanout=1, Signal=Net_62_digital
<CYPRESSTAG name="UDB Clock/Enable Remapping Results">
    UDB Clk/Enable \LED_PWM:PWMUDB:clock_enable_block\: with output requested to be synchronous
        ClockIn: ClockGenBlock:m0s8clockgenblockcell.gen_clk_out_0 was determined to be a global clock that is synchronous to HFClk
        EnableIn: Constant 1 was determined to be synchronous to ClockIn
        ClockOut: ClockGenBlock:m0s8clockgenblockcell.gen_clk_out_0, EnableOut: Constant 1
</CYPRESSTAG>
</CYPRESSTAG>

Removing unused cells resulting from optimization
Done removing unused cells.
ADD: pft.M0040: information: The following 7 pin(s) will be assigned a location by the fitter: ENA(0), ENB(0), IN1(0), IN2(0), IN3(0), IN4(0), red(0)


Removing unused cells resulting from optimization
Done removing unused cells.
<CYPRESSTAG name="Duplicate Macrocell detection">
</CYPRESSTAG>
</CYPRESSTAG>
<CYPRESSTAG name="Duplicate Macrocell detection">

Removing unused cells resulting from optimization
Done removing unused cells.
</CYPRESSTAG>
<CYPRESSTAG name="Design Equations" icon="FILE_RPT_EQUATION">

------------------------------------------------------------
Design Equations
------------------------------------------------------------
    <CYPRESSTAG name="Pin listing">

    ------------------------------------------------------------
    Pin listing
    ------------------------------------------------------------

    Pin : Name = red(0)
        Attributes:
            In Group/Port: True
            In Sync Option: AUTO
            Out Sync Option: NOSYNC
            Interrupt generated: False
            Interrupt mode: NONE
            Drive mode: CMOS_OUT
            VTrip: EITHER
            Slew: FAST
            Input Sync needed: False
            Output Sync needed: False
            SC shield enabled: False
            POR State: ANY
            LCD Mode: COMMON
            Register Mode: RegComb
            CaSense Mode: NEITHER
            Treat as pin: True
            Is OE Registered: False
            Uses Analog: False
            Can contain Digital: True
            Is SIO: False
            SIO Output Buf: NONREGULATED
            SIO Input Buf: SINGLE_ENDED
            SIO HiFreq: LOW
            SIO Hyst: DISABLED
            SIO Vtrip: MULTIPLIER_0_5
            SIO Multiplier Index: 0
            SIO RefSel: VCC_IO
            Required Capabilities: DIGITAL, ROUTABLE
            Initial Value: 1
            IO Voltage: 0
        PORT MAP (
            pa_out => red(0)__PA ,
            pin_input => Net_65 ,
            pad => red(0)_PAD );

    Pin : Name = ENA(0)
        Attributes:
            In Group/Port: True
            In Sync Option: AUTO
            Out Sync Option: NOSYNC
            Interrupt generated: False
            Interrupt mode: NONE
            Drive mode: CMOS_OUT
            VTrip: EITHER
            Slew: FAST
            Input Sync needed: False
            Output Sync needed: False
            SC shield enabled: False
            POR State: ANY
            LCD Mode: COMMON
            Register Mode: RegComb
            CaSense Mode: NEITHER
            Treat as pin: True
            Is OE Registered: False
            Uses Analog: False
            Can contain Digital: True
            Is SIO: False
            SIO Output Buf: NONREGULATED
            SIO Input Buf: SINGLE_ENDED
            SIO HiFreq: LOW
            SIO Hyst: DISABLED
            SIO Vtrip: MULTIPLIER_0_5
            SIO Multiplier Index: 0
            SIO RefSel: VCC_IO
            Required Capabilities: DIGITAL
            Initial Value: 1
            IO Voltage: 0
        PORT MAP (
            pa_out => ENA(0)__PA ,
            pin_input => Net_10 ,
            pad => ENA(0)_PAD );

    Pin : Name = ENB(0)
        Attributes:
            In Group/Port: True
            In Sync Option: AUTO
            Out Sync Option: NOSYNC
            Interrupt generated: False
            Interrupt mode: NONE
            Drive mode: CMOS_OUT
            VTrip: EITHER
            Slew: FAST
            Input Sync needed: False
            Output Sync needed: False
            SC shield enabled: False
            POR State: ANY
            LCD Mode: COMMON
            Register Mode: RegComb
            CaSense Mode: NEITHER
            Treat as pin: True
            Is OE Registered: False
            Uses Analog: False
            Can contain Digital: True
            Is SIO: False
            SIO Output Buf: NONREGULATED
            SIO Input Buf: SINGLE_ENDED
            SIO HiFreq: LOW
            SIO Hyst: DISABLED
            SIO Vtrip: MULTIPLIER_0_5
            SIO Multiplier Index: 0
            SIO RefSel: VCC_IO
            Required Capabilities: DIGITAL
            Initial Value: 1
            IO Voltage: 0
        PORT MAP (
            pa_out => ENB(0)__PA ,
            pin_input => Net_22 ,
            pad => ENB(0)_PAD );

    Pin : Name = IN1(0)
        Attributes:
            In Group/Port: True
            In Sync Option: AUTO
            Out Sync Option: NOSYNC
            Interrupt generated: False
            Interrupt mode: NONE
            Drive mode: CMOS_OUT
            VTrip: EITHER
            Slew: FAST
            Input Sync needed: False
            Output Sync needed: False
            SC shield enabled: False
            POR State: ANY
            LCD Mode: COMMON
            Register Mode: RegComb
            CaSense Mode: NEITHER
            Treat as pin: True
            Is OE Registered: False
            Uses Analog: False
            Can contain Digital: True
            Is SIO: False
            SIO Output Buf: NONREGULATED
            SIO Input Buf: SINGLE_ENDED
            SIO HiFreq: LOW
            SIO Hyst: DISABLED
            SIO Vtrip: MULTIPLIER_0_5
            SIO Multiplier Index: 0
            SIO RefSel: VCC_IO
            Required Capabilities: DIGITAL
            Initial Value: 0
            IO Voltage: 0
        PORT MAP (
            pa_out => IN1(0)__PA ,
            pad => IN1(0)_PAD );

    Pin : Name = IN2(0)
        Attributes:
            In Group/Port: True
            In Sync Option: AUTO
            Out Sync Option: NOSYNC
            Interrupt generated: False
            Interrupt mode: NONE
            Drive mode: CMOS_OUT
            VTrip: EITHER
            Slew: FAST
            Input Sync needed: False
            Output Sync needed: False
            SC shield enabled: False
            POR State: ANY
            LCD Mode: COMMON
            Register Mode: RegComb
            CaSense Mode: NEITHER
            Treat as pin: True
            Is OE Registered: False
            Uses Analog: False
            Can contain Digital: True
            Is SIO: False
            SIO Output Buf: NONREGULATED
            SIO Input Buf: SINGLE_ENDED
            SIO HiFreq: LOW
            SIO Hyst: DISABLED
            SIO Vtrip: MULTIPLIER_0_5
            SIO Multiplier Index: 0
            SIO RefSel: VCC_IO
            Required Capabilities: DIGITAL
            Initial Value: 0
            IO Voltage: 0
        PORT MAP (
            pa_out => IN2(0)__PA ,
            pad => IN2(0)_PAD );

    Pin : Name = IN3(0)
        Attributes:
            In Group/Port: True
            In Sync Option: AUTO
            Out Sync Option: NOSYNC
            Interrupt generated: False
            Interrupt mode: NONE
            Drive mode: CMOS_OUT
            VTrip: EITHER
            Slew: FAST
            Input Sync needed: False
            Output Sync needed: False
            SC shield enabled: False
            POR State: ANY
            LCD Mode: COMMON
            Register Mode: RegComb
            CaSense Mode: NEITHER
            Treat as pin: True
            Is OE Registered: False
            Uses Analog: False
            Can contain Digital: True
            Is SIO: False
            SIO Output Buf: NONREGULATED
            SIO Input Buf: SINGLE_ENDED
            SIO HiFreq: LOW
            SIO Hyst: DISABLED
            SIO Vtrip: MULTIPLIER_0_5
            SIO Multiplier Index: 0
            SIO RefSel: VCC_IO
            Required Capabilities: DIGITAL
            Initial Value: 0
            IO Voltage: 0
        PORT MAP (
            pa_out => IN3(0)__PA ,
            pad => IN3(0)_PAD );

    Pin : Name = IN4(0)
        Attributes:
            In Group/Port: True
            In Sync Option: AUTO
            Out Sync Option: NOSYNC
            Interrupt generated: False
            Interrupt mode: NONE
            Drive mode: CMOS_OUT
            VTrip: EITHER
            Slew: FAST
            Input Sync needed: False
            Output Sync needed: False
            SC shield enabled: False
            POR State: ANY
            LCD Mode: COMMON
            Register Mode: RegComb
            CaSense Mode: NEITHER
            Treat as pin: True
            Is OE Registered: False
            Uses Analog: False
            Can contain Digital: True
            Is SIO: False
            SIO Output Buf: NONREGULATED
            SIO Input Buf: SINGLE_ENDED
            SIO HiFreq: LOW
            SIO Hyst: DISABLED
            SIO Vtrip: MULTIPLIER_0_5
            SIO Multiplier Index: 0
            SIO RefSel: VCC_IO
            Required Capabilities: DIGITAL
            Initial Value: 0
            IO Voltage: 0
        PORT MAP (
            pa_out => IN4(0)__PA ,
            pad => IN4(0)_PAD );
    </CYPRESSTAG>
    <CYPRESSTAG name="Macrocell listing" icon="FILE_RPT_EQUATION">

    ------------------------------------------------------------
    Macrocell listing
    ------------------------------------------------------------

    MacroCell: Name=\LED_PWM:PWMUDB:status_2\, Mode=(Combinatorial)
        Total # of inputs        : 2
        Total # of product terms : 1
            Clock Enable: True
        Main Equation            : 1 pterm
        (
              \LED_PWM:PWMUDB:runmode_enable\ * \LED_PWM:PWMUDB:tc_i\
        );
        Output = \LED_PWM:PWMUDB:status_2\ (fanout=1)

    MacroCell: Name=Net_65, Mode=(Combinatorial)
        Total # of inputs        : 1
        Total # of product terms : 1
            Clock Enable: True
        Main Equation            : 1 pterm
        (
              !Net_64
        );
        Output = Net_65 (fanout=1)

    MacroCell: Name=\LED_PWM:PWMUDB:runmode_enable\, Mode=(D-Register)
        Total # of inputs        : 1
        Total # of product terms : 1
        List of special equations: 
            Clock  = (Net_62_digital) => Global
            Clock Enable: True
        Main Equation            : 1 pterm
        (
              \LED_PWM:PWMUDB:control_7\
        );
        Output = \LED_PWM:PWMUDB:runmode_enable\ (fanout=3)

    MacroCell: Name=\LED_PWM:PWMUDB:prevCompare1\, Mode=(D-Register)
        Total # of inputs        : 1
        Total # of product terms : 1
        List of special equations: 
            Clock  = (Net_62_digital) => Global
            Clock Enable: True
        Main Equation            : 1 pterm
        (
              \LED_PWM:PWMUDB:cmp1_less\
        );
        Output = \LED_PWM:PWMUDB:prevCompare1\ (fanout=1)

    MacroCell: Name=\LED_PWM:PWMUDB:status_0\, Mode=(D-Register)
        Total # of inputs        : 2
        Total # of product terms : 1
        List of special equations: 
            Clock  = (Net_62_digital) => Global
            Clock Enable: True
        Main Equation            : 1 pterm
        (
              !\LED_PWM:PWMUDB:prevCompare1\ * \LED_PWM:PWMUDB:cmp1_less\
        );
        Output = \LED_PWM:PWMUDB:status_0\ (fanout=1)

    MacroCell: Name=Net_64, Mode=(D-Register)
        Total # of inputs        : 2
        Total # of product terms : 1
        List of special equations: 
            Clock  = (Net_62_digital) => Global
            Clock Enable: True
        Main Equation            : 1 pterm
        (
              \LED_PWM:PWMUDB:runmode_enable\ * \LED_PWM:PWMUDB:cmp1_less\
        );
        Output = Net_64 (fanout=1)
    </CYPRESSTAG>
    <CYPRESSTAG name="Datapath listing">

    ------------------------------------------------------------
    Datapath listing
    ------------------------------------------------------------

    datapathcell: Name =\LED_PWM:PWMUDB:sP8:pwmdp:u0\
        PORT MAP (
            clock => Net_62_digital ,
            cs_addr_2 => \LED_PWM:PWMUDB:tc_i\ ,
            cs_addr_1 => \LED_PWM:PWMUDB:runmode_enable\ ,
            cl0_comb => \LED_PWM:PWMUDB:cmp1_less\ ,
            z0_comb => \LED_PWM:PWMUDB:tc_i\ ,
            f1_blk_stat_comb => \LED_PWM:PWMUDB:status_3\ );
        Properties:
        {
            a0_init = "00000000"
            a1_init = "00000000"
            ce0_sync = 1
            ce1_sync = 1
            cl0_sync = 1
            cl1_sync = 1
            cmsb_sync = 1
            co_msb_sync = 1
            cy_dpconfig = "0000000001000000000000001100000001000000010000000000000011000000000000001100000000000000110000000000000011000000000000001100000011111111000000001111111111111111101000000000000000000100000000000000000000011000"
            d0_init = "00000000"
            d1_init = "00000000"
            f0_blk_sync = 1
            f0_bus_sync = 1
            f1_blk_sync = 1
            f1_bus_sync = 1
            ff0_sync = 1
            ff1_sync = 1
            ov_msb_sync = 1
            so_sync = 1
            z0_sync = 1
            z1_sync = 1
        }
        Clock Polarity: Active High
        Clock Enable: True
    </CYPRESSTAG>
    <CYPRESSTAG name="Status register listing">
    </CYPRESSTAG>
    <CYPRESSTAG name="StatusI register listing">

    ------------------------------------------------------------
    StatusI register listing
    ------------------------------------------------------------

    statusicell: Name =\LED_PWM:PWMUDB:genblk8:stsreg\
        PORT MAP (
            clock => Net_62_digital ,
            status_3 => \LED_PWM:PWMUDB:status_3\ ,
            status_2 => \LED_PWM:PWMUDB:status_2\ ,
            status_0 => \LED_PWM:PWMUDB:status_0\ );
        Properties:
        {
            cy_force_order = 1
            cy_int_mask = "1111111"
            cy_md_select = "0100111"
        }
        Clock Polarity: Active High
        Clock Enable: True
    </CYPRESSTAG>
    <CYPRESSTAG name="Sync listing">
    </CYPRESSTAG>
    <CYPRESSTAG name="Control register listing">

    ------------------------------------------------------------
    Control register listing
    ------------------------------------------------------------

    controlcell: Name =\LED_PWM:PWMUDB:genblk1:ctrlreg\
        PORT MAP (
            clock => Net_62_digital ,
            control_7 => \LED_PWM:PWMUDB:control_7\ ,
            control_6 => \LED_PWM:PWMUDB:control_6\ ,
            control_5 => \LED_PWM:PWMUDB:control_5\ ,
            control_4 => \LED_PWM:PWMUDB:control_4\ ,
            control_3 => \LED_PWM:PWMUDB:control_3\ ,
            control_2 => \LED_PWM:PWMUDB:control_2\ ,
            control_1 => \LED_PWM:PWMUDB:control_1\ ,
            control_0 => \LED_PWM:PWMUDB:control_0\ );
        Properties:
        {
            cy_ctrl_mode_0 = "11111111"
            cy_ctrl_mode_1 = "00000000"
            cy_ext_reset = 0
            cy_force_order = 1
            cy_init_value = "00000000"
        }
        Clock Polarity: Active High
        Clock Enable: True
    </CYPRESSTAG>
    <CYPRESSTAG name="Count7 listing">
    </CYPRESSTAG>
    <CYPRESSTAG name="DRQ listing">
    </CYPRESSTAG>
    <CYPRESSTAG name="Interrupt listing">

    ------------------------------------------------------------
    Interrupt listing
    ------------------------------------------------------------

    interrupt: Name =\BLE:bless_isr\
        PORT MAP (
            interrupt => \BLE:Net_15\ );
        Properties:
        {
            int_type = "10"
            is_nmi = 0
        }
    </CYPRESSTAG>
</CYPRESSTAG>
<CYPRESSTAG name="Technology mapping summary" expanded>

------------------------------------------------------------
Technology mapping summary
------------------------------------------------------------

Resource Type                 : Used : Free :  Max :  % Used
============================================================
Digital Clocks                :    1 :    3 :    4 : 25.00 %
Interrupts                    :    1 :   31 :   32 :  3.13 %
IO                            :   11 :   27 :   38 : 28.95 %
Segment LCD                   :    0 :    1 :    1 :  0.00 %
CapSense                      :    0 :    1 :    1 :  0.00 %
Die Temp                      :    0 :    1 :    1 :  0.00 %
Serial Communication (SCB)    :    0 :    2 :    2 :  0.00 %
BLE                           :    1 :    0 :    1 : 100.00 %
DMA Channels                  :    0 :    8 :    8 :  0.00 %
Timer/Counter/PWM             :    2 :    2 :    4 : 50.00 %
UDB                           :      :      :      :        
  Macrocells                  :    6 :   26 :   32 : 18.75 %
  Unique P-terms              :    6 :   58 :   64 :  9.38 %
  Total P-terms               :    6 :      :      :        
  Datapath Cells              :    1 :    3 :    4 : 25.00 %
  Status Cells                :    1 :    3 :    4 : 25.00 %
    StatusI Registers         :    1 :      :      :        
  Control Cells               :    1 :    3 :    4 : 25.00 %
    Control Registers         :    1 :      :      :        
Comparator/Opamp              :    0 :    4 :    4 :  0.00 %
LP Comparator                 :    0 :    2 :    2 :  0.00 %
SAR ADC                       :    0 :    1 :    1 :  0.00 %
DAC                           :      :      :      :        
  7-bit IDAC                  :    0 :    1 :    1 :  0.00 %
  8-bit IDAC                  :    0 :    1 :    1 :  0.00 %
</CYPRESSTAG>
Technology Mapping: Elapsed time ==> 0s.109ms
Tech Mapping phase: Elapsed time ==> 0s.159ms
</CYPRESSTAG>
<CYPRESSTAG name="Analog Placement">
<CYPRESSTAG name="FFB & IO Pre Placement">
<CYPRESSTAG name="Placement" icon="FILE_RPT_PLACEMENT">

Cell                                : Block                              
=========================================================================
ClockGenBlock                       : CLK_GEN_[FFB(CLK_GEN,0)]           
\BLE:cy_m0s8_ble\                   : BLE_[FFB(BLE,0)]                   
\LEFT_MOTOR:cy_m0s8_tcpwm_1\        : TCPWM_[FFB(TCPWM,0)]               
\RIGHT_MOTOR:cy_m0s8_tcpwm_1\       : TCPWM_[FFB(TCPWM,1)]               
ENA(0)                              : [IOP=(0)][IoId=(0)]                
ENB(0)                              : [IOP=(0)][IoId=(2)]                
red(0)                              : [IOP=(0)][IoId=(1)]                
IN1(0)                              : [IOP=(0)][IoId=(3)]                
IN2(0)                              : [IOP=(0)][IoId=(4)]                
IN3(0)                              : [IOP=(0)][IoId=(5)]                
IN4(0)                              : [IOP=(1)][IoId=(0)]                

</CYPRESSTAG>
</CYPRESSTAG>
<CYPRESSTAG name="Real Analog Placement">
Elapsed time ==> 0.1742032s
</CYPRESSTAG>
Analog Placement phase: Elapsed time ==> 0s.478ms
</CYPRESSTAG>
<CYPRESSTAG name="Analog Routing">
<CYPRESSTAG name="Analog Routing">
Route success=True, Iterations=1 Elapsed=0.0015576 secs
</CYPRESSTAG>
Analog Routing phase: Elapsed time ==> 0s.002ms
</CYPRESSTAG>
<CYPRESSTAG name="Analog Code Generation">
============ Analog Final Answer Routes ============
Dump of CyAnalogRoutingResultsDB
Map of net to items {
}
Map of item to net {
}
Mux Info {
}
Analog Code Generation phase: Elapsed time ==> 0s.020ms
</CYPRESSTAG>
<CYPRESSTAG name="Digital Placement">
<CYPRESSTAG name="Detailed placement messages">
I2076: Total run-time: 0.4 sec.

</CYPRESSTAG>
<CYPRESSTAG name="PLD Packing">
<CYPRESSTAG name="PLD Packing Summary" expanded>

------------------------------------------------------------
PLD Packing Summary
------------------------------------------------------------
            Resource Type : Used : Free :  Max :  % Used
    ====================================================
                     PLDs :    2 :    6 :    8 :  25.00%

<CYPRESSTAG name="PLD Statistics">

        PLD Resource Type :     Average/LAB
    =======================================
                   Inputs :            3.50
                   Pterms :            3.00
               Macrocells :            3.00
</CYPRESSTAG>
<CYPRESSTAG name="Packed PLD Contents">
Packed PLD Contents not displayed at this verbose level.</CYPRESSTAG>
</CYPRESSTAG>
PLD Packing: Elapsed time ==> 0s.000ms
</CYPRESSTAG>
<CYPRESSTAG name="Partitioning">
<CYPRESSTAG name="Initial Partitioning Summary">
Initial Partitioning Summary not displayed at this verbose level.</CYPRESSTAG>
<CYPRESSTAG name="Final Partitioning Summary">
Final Partitioning Summary not displayed at this verbose level.</CYPRESSTAG>
Partitioning: Elapsed time ==> 0s.014ms
</CYPRESSTAG>
<CYPRESSTAG name="Final Placement Summary">

------------------------------------------------------------
Final Placement Summary
------------------------------------------------------------

       Resource Type :      Count : Avg Inputs : Avg Outputs
    ========================================================
                 UDB :          1 :       6.00 :       6.00
<CYPRESSTAG name="Final Placement Details">
<CYPRESSTAG name="Component Details">

------------------------------------------------------------
Component Placement Details
------------------------------------------------------------
UDB [UDB=(0,0)] is empty.
UDB [UDB=(0,1)] is empty.
UDB [UDB=(1,0)] contents:
LAB@[UDB=(1,0)][LB=0] #macrocells=4, #inputs=4, #pterms=4
{
    [McSlotId=0]:     MacroCell: Name=\LED_PWM:PWMUDB:status_0\, Mode=(D-Register) @ [UDB=(1,0)][LB=0][MC=0]
        Total # of inputs        : 2
        Total # of product terms : 1
        List of special equations: 
            Clock  = (Net_62_digital) => Global
            Clock Enable: True
        Main Equation            : 1 pterm
        (
              !\LED_PWM:PWMUDB:prevCompare1\ * \LED_PWM:PWMUDB:cmp1_less\
        );
        Output = \LED_PWM:PWMUDB:status_0\ (fanout=1)
        Properties               : 
        {
        }

    [McSlotId=1]:     MacroCell: Name=\LED_PWM:PWMUDB:prevCompare1\, Mode=(D-Register) @ [UDB=(1,0)][LB=0][MC=1]
        Total # of inputs        : 1
        Total # of product terms : 1
        List of special equations: 
            Clock  = (Net_62_digital) => Global
            Clock Enable: True
        Main Equation            : 1 pterm
        (
              \LED_PWM:PWMUDB:cmp1_less\
        );
        Output = \LED_PWM:PWMUDB:prevCompare1\ (fanout=1)
        Properties               : 
        {
        }

    [McSlotId=2]:     MacroCell: Name=Net_64, Mode=(D-Register) @ [UDB=(1,0)][LB=0][MC=2]
        Total # of inputs        : 2
        Total # of product terms : 1
        List of special equations: 
            Clock  = (Net_62_digital) => Global
            Clock Enable: True
        Main Equation            : 1 pterm
        (
              \LED_PWM:PWMUDB:runmode_enable\ * \LED_PWM:PWMUDB:cmp1_less\
        );
        Output = Net_64 (fanout=1)
        Properties               : 
        {
        }

    [McSlotId=3]:     MacroCell: Name=Net_65, Mode=(Combinatorial) @ [UDB=(1,0)][LB=0][MC=3]
        Total # of inputs        : 1
        Total # of product terms : 1
            Clock Enable: True
        Main Equation            : 1 pterm
        (
              !Net_64
        );
        Output = Net_65 (fanout=1)
        Properties               : 
        {
        }
}

LAB@[UDB=(1,0)][LB=1] #macrocells=2, #inputs=3, #pterms=2
{
    [McSlotId=0]:     MacroCell: Name=\LED_PWM:PWMUDB:runmode_enable\, Mode=(D-Register) @ [UDB=(1,0)][LB=1][MC=0]
        Total # of inputs        : 1
        Total # of product terms : 1
        List of special equations: 
            Clock  = (Net_62_digital) => Global
            Clock Enable: True
        Main Equation            : 1 pterm
        (
              \LED_PWM:PWMUDB:control_7\
        );
        Output = \LED_PWM:PWMUDB:runmode_enable\ (fanout=3)
        Properties               : 
        {
        }

    [McSlotId=1]:     MacroCell: Name=\LED_PWM:PWMUDB:status_2\, Mode=(Combinatorial) @ [UDB=(1,0)][LB=1][MC=1]
        Total # of inputs        : 2
        Total # of product terms : 1
            Clock Enable: True
        Main Equation            : 1 pterm
        (
              \LED_PWM:PWMUDB:runmode_enable\ * \LED_PWM:PWMUDB:tc_i\
        );
        Output = \LED_PWM:PWMUDB:status_2\ (fanout=1)
        Properties               : 
        {
        }

    [McSlotId=2]: (empty)
    [McSlotId=3]: (empty)
}

datapathcell: Name =\LED_PWM:PWMUDB:sP8:pwmdp:u0\
    PORT MAP (
        clock => Net_62_digital ,
        cs_addr_2 => \LED_PWM:PWMUDB:tc_i\ ,
        cs_addr_1 => \LED_PWM:PWMUDB:runmode_enable\ ,
        cl0_comb => \LED_PWM:PWMUDB:cmp1_less\ ,
        z0_comb => \LED_PWM:PWMUDB:tc_i\ ,
        f1_blk_stat_comb => \LED_PWM:PWMUDB:status_3\ );
    Properties:
    {
        a0_init = "00000000"
        a1_init = "00000000"
        ce0_sync = 1
        ce1_sync = 1
        cl0_sync = 1
        cl1_sync = 1
        cmsb_sync = 1
        co_msb_sync = 1
        cy_dpconfig = "0000000001000000000000001100000001000000010000000000000011000000000000001100000000000000110000000000000011000000000000001100000011111111000000001111111111111111101000000000000000000100000000000000000000011000"
        d0_init = "00000000"
        d1_init = "00000000"
        f0_blk_sync = 1
        f0_bus_sync = 1
        f1_blk_sync = 1
        f1_bus_sync = 1
        ff0_sync = 1
        ff1_sync = 1
        ov_msb_sync = 1
        so_sync = 1
        z0_sync = 1
        z1_sync = 1
    }
    Clock Polarity: Active High
    Clock Enable: True

statusicell: Name =\LED_PWM:PWMUDB:genblk8:stsreg\
    PORT MAP (
        clock => Net_62_digital ,
        status_3 => \LED_PWM:PWMUDB:status_3\ ,
        status_2 => \LED_PWM:PWMUDB:status_2\ ,
        status_0 => \LED_PWM:PWMUDB:status_0\ );
    Properties:
    {
        cy_force_order = 1
        cy_int_mask = "1111111"
        cy_md_select = "0100111"
    }
    Clock Polarity: Active High
    Clock Enable: True

controlcell: Name =\LED_PWM:PWMUDB:genblk1:ctrlreg\
    PORT MAP (
        clock => Net_62_digital ,
        control_7 => \LED_PWM:PWMUDB:control_7\ ,
        control_6 => \LED_PWM:PWMUDB:control_6\ ,
        control_5 => \LED_PWM:PWMUDB:control_5\ ,
        control_4 => \LED_PWM:PWMUDB:control_4\ ,
        control_3 => \LED_PWM:PWMUDB:control_3\ ,
        control_2 => \LED_PWM:PWMUDB:control_2\ ,
        control_1 => \LED_PWM:PWMUDB:control_1\ ,
        control_0 => \LED_PWM:PWMUDB:control_0\ );
    Properties:
    {
        cy_ctrl_mode_0 = "11111111"
        cy_ctrl_mode_1 = "00000000"
        cy_ext_reset = 0
        cy_force_order = 1
        cy_init_value = "00000000"
    }
    Clock Polarity: Active High
    Clock Enable: True

UDB [UDB=(1,1)] is empty.
Intr container @ [IntrContainer=(0)]: 
  Intr@ [IntrContainer=(0)][IntrId=(12)] 
    interrupt: Name =\BLE:bless_isr\
        PORT MAP (
            interrupt => \BLE:Net_15\ );
        Properties:
        {
            int_type = "10"
            is_nmi = 0
        }
Drq container @ [DrqContainer=(0)]: empty
Port 0 contains the following IO cells:
[IoId=0]: 
Pin : Name = red(0)
    Attributes:
        In Group/Port: True
        In Sync Option: AUTO
        Out Sync Option: NOSYNC
        Interrupt generated: False
        Interrupt mode: NONE
        Drive mode: CMOS_OUT
        VTrip: EITHER
        Slew: FAST
        Input Sync needed: False
        Output Sync needed: False
        SC shield enabled: False
        POR State: ANY
        LCD Mode: COMMON
        Register Mode: RegComb
        CaSense Mode: NEITHER
        Treat as pin: True
        Is OE Registered: False
        Uses Analog: False
        Can contain Digital: True
        Is SIO: False
        SIO Output Buf: NONREGULATED
        SIO Input Buf: SINGLE_ENDED
        SIO HiFreq: LOW
        SIO Hyst: DISABLED
        SIO Vtrip: MULTIPLIER_0_5
        SIO Multiplier Index: 0
        SIO RefSel: VCC_IO
        Required Capabilities: DIGITAL, ROUTABLE
        Initial Value: 1
        IO Voltage: 0
    PORT MAP (
        pa_out => red(0)__PA ,
        pin_input => Net_65 ,
        pad => red(0)_PAD );
    Properties:
    {
    }

[IoId=1]: 
Pin : Name = IN1(0)
    Attributes:
        In Group/Port: True
        In Sync Option: AUTO
        Out Sync Option: NOSYNC
        Interrupt generated: False
        Interrupt mode: NONE
        Drive mode: CMOS_OUT
        VTrip: EITHER
        Slew: FAST
        Input Sync needed: False
        Output Sync needed: False
        SC shield enabled: False
        POR State: ANY
        LCD Mode: COMMON
        Register Mode: RegComb
        CaSense Mode: NEITHER
        Treat as pin: True
        Is OE Registered: False
        Uses Analog: False
        Can contain Digital: True
        Is SIO: False
        SIO Output Buf: NONREGULATED
        SIO Input Buf: SINGLE_ENDED
        SIO HiFreq: LOW
        SIO Hyst: DISABLED
        SIO Vtrip: MULTIPLIER_0_5
        SIO Multiplier Index: 0
        SIO RefSel: VCC_IO
        Required Capabilities: DIGITAL
        Initial Value: 0
        IO Voltage: 0
    PORT MAP (
        pa_out => IN1(0)__PA ,
        pad => IN1(0)_PAD );
    Properties:
    {
    }

[IoId=2]: 
Pin : Name = ENB(0)
    Attributes:
        In Group/Port: True
        In Sync Option: AUTO
        Out Sync Option: NOSYNC
        Interrupt generated: False
        Interrupt mode: NONE
        Drive mode: CMOS_OUT
        VTrip: EITHER
        Slew: FAST
        Input Sync needed: False
        Output Sync needed: False
        SC shield enabled: False
        POR State: ANY
        LCD Mode: COMMON
        Register Mode: RegComb
        CaSense Mode: NEITHER
        Treat as pin: True
        Is OE Registered: False
        Uses Analog: False
        Can contain Digital: True
        Is SIO: False
        SIO Output Buf: NONREGULATED
        SIO Input Buf: SINGLE_ENDED
        SIO HiFreq: LOW
        SIO Hyst: DISABLED
        SIO Vtrip: MULTIPLIER_0_5
        SIO Multiplier Index: 0
        SIO RefSel: VCC_IO
        Required Capabilities: DIGITAL
        Initial Value: 1
        IO Voltage: 0
    PORT MAP (
        pa_out => ENB(0)__PA ,
        pin_input => Net_22 ,
        pad => ENB(0)_PAD );
    Properties:
    {
    }

[IoId=3]: 
Pin : Name = IN2(0)
    Attributes:
        In Group/Port: True
        In Sync Option: AUTO
        Out Sync Option: NOSYNC
        Interrupt generated: False
        Interrupt mode: NONE
        Drive mode: CMOS_OUT
        VTrip: EITHER
        Slew: FAST
        Input Sync needed: False
        Output Sync needed: False
        SC shield enabled: False
        POR State: ANY
        LCD Mode: COMMON
        Register Mode: RegComb
        CaSense Mode: NEITHER
        Treat as pin: True
        Is OE Registered: False
        Uses Analog: False
        Can contain Digital: True
        Is SIO: False
        SIO Output Buf: NONREGULATED
        SIO Input Buf: SINGLE_ENDED
        SIO HiFreq: LOW
        SIO Hyst: DISABLED
        SIO Vtrip: MULTIPLIER_0_5
        SIO Multiplier Index: 0
        SIO RefSel: VCC_IO
        Required Capabilities: DIGITAL
        Initial Value: 0
        IO Voltage: 0
    PORT MAP (
        pa_out => IN2(0)__PA ,
        pad => IN2(0)_PAD );
    Properties:
    {
    }

[IoId=4]: 
Pin : Name = IN3(0)
    Attributes:
        In Group/Port: True
        In Sync Option: AUTO
        Out Sync Option: NOSYNC
        Interrupt generated: False
        Interrupt mode: NONE
        Drive mode: CMOS_OUT
        VTrip: EITHER
        Slew: FAST
        Input Sync needed: False
        Output Sync needed: False
        SC shield enabled: False
        POR State: ANY
        LCD Mode: COMMON
        Register Mode: RegComb
        CaSense Mode: NEITHER
        Treat as pin: True
        Is OE Registered: False
        Uses Analog: False
        Can contain Digital: True
        Is SIO: False
        SIO Output Buf: NONREGULATED
        SIO Input Buf: SINGLE_ENDED
        SIO HiFreq: LOW
        SIO Hyst: DISABLED
        SIO Vtrip: MULTIPLIER_0_5
        SIO Multiplier Index: 0
        SIO RefSel: VCC_IO
        Required Capabilities: DIGITAL
        Initial Value: 0
        IO Voltage: 0
    PORT MAP (
        pa_out => IN3(0)__PA ,
        pad => IN3(0)_PAD );
    Properties:
    {
    }

[IoId=5]: 
Pin : Name = IN4(0)
    Attributes:
        In Group/Port: True
        In Sync Option: AUTO
        Out Sync Option: NOSYNC
        Interrupt generated: False
        Interrupt mode: NONE
        Drive mode: CMOS_OUT
        VTrip: EITHER
        Slew: FAST
        Input Sync needed: False
        Output Sync needed: False
        SC shield enabled: False
        POR State: ANY
        LCD Mode: COMMON
        Register Mode: RegComb
        CaSense Mode: NEITHER
        Treat as pin: True
        Is OE Registered: False
        Uses Analog: False
        Can contain Digital: True
        Is SIO: False
        SIO Output Buf: NONREGULATED
        SIO Input Buf: SINGLE_ENDED
        SIO HiFreq: LOW
        SIO Hyst: DISABLED
        SIO Vtrip: MULTIPLIER_0_5
        SIO Multiplier Index: 0
        SIO RefSel: VCC_IO
        Required Capabilities: DIGITAL
        Initial Value: 0
        IO Voltage: 0
    PORT MAP (
        pa_out => IN4(0)__PA ,
        pad => IN4(0)_PAD );
    Properties:
    {
    }

Port 1 contains the following IO cells:
[IoId=0]: 
Pin : Name = ENA(0)
    Attributes:
        In Group/Port: True
        In Sync Option: AUTO
        Out Sync Option: NOSYNC
        Interrupt generated: False
        Interrupt mode: NONE
        Drive mode: CMOS_OUT
        VTrip: EITHER
        Slew: FAST
        Input Sync needed: False
        Output Sync needed: False
        SC shield enabled: False
        POR State: ANY
        LCD Mode: COMMON
        Register Mode: RegComb
        CaSense Mode: NEITHER
        Treat as pin: True
        Is OE Registered: False
        Uses Analog: False
        Can contain Digital: True
        Is SIO: False
        SIO Output Buf: NONREGULATED
        SIO Input Buf: SINGLE_ENDED
        SIO HiFreq: LOW
        SIO Hyst: DISABLED
        SIO Vtrip: MULTIPLIER_0_5
        SIO Multiplier Index: 0
        SIO RefSel: VCC_IO
        Required Capabilities: DIGITAL
        Initial Value: 1
        IO Voltage: 0
    PORT MAP (
        pa_out => ENA(0)__PA ,
        pin_input => Net_10 ,
        pad => ENA(0)_PAD );
    Properties:
    {
    }

Port 2 contains the following IO cells:
Port 3 contains the following IO cells:
Port 4 contains the following IO cells:
Port 5 contains the following IO cells:
Port 6 contains the following IO cells:
ARM group 0: empty
Clock group 0: 
    Clock Block @ F(Clock,0): 
    m0s8clockblockcell: Name =ClockBlock
        PORT MAP (
            hfclk => ClockBlock_HFClk ,
            imo => ClockBlock_IMO ,
            ext => ClockBlock_ExtClk ,
            sysclk => ClockBlock_SysClk ,
            eco => ClockBlock_ECO ,
            ilo => ClockBlock_ILO ,
            lfclk => ClockBlock_LFClk ,
            wco => ClockBlock_WCO ,
            dsi_in_0 => ClockBlock_Routed1 ,
            ff_div_7 => Net_29_ff7 ,
            ff_div_8 => Net_29_ff8 ,
            udb_div_0 => dclk_to_genclk );
        Properties:
        {
        }
LCD group 0: empty
PICU group 0: empty
LPCOMP group 0: empty
SCB group 0: empty
CSD group 0: empty
CSIDAC8 group 0: empty
CSIDAC7 group 0: empty
TCPWM group 0: 
    Tcpwm Block @ F(TCPWM,0): 
    m0s8tcpwmcell: Name =\LEFT_MOTOR:cy_m0s8_tcpwm_1\
        PORT MAP (
            clock => Net_29_ff7 ,
            capture => zero ,
            count => one ,
            reload => zero ,
            stop => zero ,
            start => zero ,
            tr_underflow => Net_8 ,
            tr_overflow => Net_7 ,
            tr_compare_match => Net_9 ,
            line => Net_10 ,
            line_compl => Net_11 ,
            interrupt => Net_6 );
        Properties:
        {
            cy_registers = ""
        }
    Tcpwm Block @ F(TCPWM,1): 
    m0s8tcpwmcell: Name =\RIGHT_MOTOR:cy_m0s8_tcpwm_1\
        PORT MAP (
            clock => Net_29_ff8 ,
            capture => zero ,
            count => one ,
            reload => zero ,
            stop => zero ,
            start => zero ,
            tr_underflow => Net_20 ,
            tr_overflow => Net_19 ,
            tr_compare_match => Net_21 ,
            line => Net_22 ,
            line_compl => Net_23 ,
            interrupt => Net_18 );
        Properties:
        {
            cy_registers = ""
        }
OA group 0: empty
TEMP group 0: empty
SARADC group 0: empty
CLK_GEN group 0: 
    M0S8 Clock Gen Block @ F(CLK_GEN,0): 
    m0s8clockgenblockcell: Name =ClockGenBlock
        PORT MAP (
            gen_clk_out_0 => Net_62_digital ,
            gen_clk_in_0 => dclk_to_genclk );
        Properties:
        {
        }
LPCOMPBLOCK group 0: empty
PASSBLOCK group 0: empty
BLE group 0: 
    BLE Block @ F(BLE,0): 
    p4blecell: Name =\BLE:cy_m0s8_ble\
        PORT MAP (
            interrupt => \BLE:Net_15\ ,
            rfctrl_extpa_en => Net_31 );
        Properties:
        {
            cy_registers = ""
        }
WCO group 0: empty
SRSS group 0: empty
CPUSS group 0: empty
IOSS group 0: empty
EXCO group 0: empty
</CYPRESSTAG>
<CYPRESSTAG name="Port Configuration Details">

------------------------------------------------------------
Port Configuration report
------------------------------------------------------------
     |     |       | Interrupt |                  |        | 
Port | Pin | Fixed |      Type |       Drive Mode |   Name | Connections
-----+-----+-------+-----------+------------------+--------+------------
   0 |   0 |       |      NONE |         CMOS_OUT | red(0) | In(Net_65)
     |   1 |       |      NONE |         CMOS_OUT | IN1(0) | 
     |   2 |       |      NONE |         CMOS_OUT | ENB(0) | In(Net_22)
     |   3 |       |      NONE |         CMOS_OUT | IN2(0) | 
     |   4 |       |      NONE |         CMOS_OUT | IN3(0) | 
     |   5 |       |      NONE |         CMOS_OUT | IN4(0) | 
-----+-----+-------+-----------+------------------+--------+------------
   1 |   0 |       |      NONE |         CMOS_OUT | ENA(0) | In(Net_10)
------------------------------------------------------------------------
</CYPRESSTAG>
</CYPRESSTAG>
</CYPRESSTAG>
Digital component placer commit/Report: Elapsed time ==> 0s.025ms
Digital Placement phase: Elapsed time ==> 0s.810ms
</CYPRESSTAG>
<CYPRESSTAG name="Digital Routing">
"C:\Program Files (x86)\Cypress\PSoC Creator\4.2\PSoC Creator\bin/sjrouter.exe" --xml-path "C:\Program Files (x86)\Cypress\PSoC Creator\4.2\PSoC Creator\dev\psoc4/3/256dma/route_arch-rrg.cydata" --vh2-path "RobotBLE_r.vh2" --pcf-path "RobotBLE.pco" --des-name "RobotBLE" --dsf-path "RobotBLE.dsf" --sdc-path "RobotBLE.sdc" --lib-path "RobotBLE_r.lib"
Routing successful.
Digital Routing phase: Elapsed time ==> 1s.074ms
</CYPRESSTAG>
<CYPRESSTAG name="Bitstream Generation">
Bitstream Generation phase: Elapsed time ==> 0s.477ms
</CYPRESSTAG>
<CYPRESSTAG name="Bitstream Verification">
Bitstream Verification phase: Elapsed time ==> 0s.052ms
</CYPRESSTAG>
<CYPRESSTAG name="Static timing analysis">
Timing report is in RobotBLE_timing.html.
Static timing analysis phase: Elapsed time ==> 0s.327ms
</CYPRESSTAG>
<CYPRESSTAG name="Data reporting">
Data reporting phase: Elapsed time ==> 0s.000ms
</CYPRESSTAG>
<CYPRESSTAG name="Database update...">
Design database save phase: Elapsed time ==> 0s.223ms
</CYPRESSTAG>
cydsfit: Elapsed time ==> 3s.673ms
</CYPRESSTAG>
Fitter phase: Elapsed time ==> 3s.674ms
API generation phase: Elapsed time ==> 1s.918ms
Dependency generation phase: Elapsed time ==> 0s.017ms
Cleanup phase: Elapsed time ==> 0s.003ms
